<?xml version="1.0" encoding="utf-8"?>
<coverage line-rate="0.6132" branch-rate="0.5487" version="1.9" timestamp="1667568543" lines-covered="157" lines-valid="256" branches-covered="45" branches-valid="82">
  <sources>
    <source>C:\Users\mykva\Desktop\C#_Labs\garbage\X\</source>
  </sources>
  <packages>
    <package name="BLL" line-rate="0.7741" branch-rate="0.6612" complexity="62">
      <classes>
        <class name="BLL.EntityService_stud" filename="BLL\EntityService.cs" line-rate="0.7741" branch-rate="0.6612" complexity="62">
          <methods>
            <method name="take_data" signature="(System.Int32)" line-rate="0.6923" branch-rate="0.6" complexity="5">
              <lines>
                <line number="12" hits="3" branch="False" />
                <line number="13" hits="3" branch="False" />
                <line number="14" hits="3" branch="True" condition-coverage="60% (3/5)">
                  <conditions>
                    <condition number="14" type="switch" coverage="60%" />
                  </conditions>
                </line>
                <line number="17" hits="1" branch="False" />
                <line number="18" hits="1" branch="False" />
                <line number="20" hits="0" branch="False" />
                <line number="21" hits="0" branch="False" />
                <line number="23" hits="2" branch="False" />
                <line number="24" hits="1" branch="False" />
                <line number="26" hits="0" branch="False" />
                <line number="27" hits="0" branch="False" />
                <line number="29" hits="1" branch="False" />
                <line number="31" hits="3" branch="False" />
              </lines>
            </method>
            <method name="give_data" signature="(System.Int32)" line-rate="0.6923" branch-rate="0.6" complexity="5">
              <lines>
                <line number="33" hits="3" branch="False" />
                <line number="34" hits="3" branch="False" />
                <line number="35" hits="3" branch="True" condition-coverage="60% (3/5)">
                  <conditions>
                    <condition number="14" type="switch" coverage="60%" />
                  </conditions>
                </line>
                <line number="38" hits="0" branch="False" />
                <line number="39" hits="0" branch="False" />
                <line number="41" hits="2" branch="False" />
                <line number="42" hits="1" branch="False" />
                <line number="44" hits="0" branch="False" />
                <line number="45" hits="0" branch="False" />
                <line number="47" hits="1" branch="False" />
                <line number="48" hits="1" branch="False" />
                <line number="50" hits="1" branch="False" />
                <line number="52" hits="3" branch="False" />
              </lines>
            </method>
            <method name="add_student" signature="(System.String,System.String,System.Int32,System.Int32,System.Int32,System.Int32)" line-rate="1" branch-rate="1" complexity="4">
              <lines>
                <line number="54" hits="16" branch="False" />
                <line number="55" hits="16" branch="True" condition-coverage="100% (2/2)">
                  <conditions>
                    <condition number="12" type="jump" coverage="100%" />
                  </conditions>
                </line>
                <line number="56" hits="5" branch="False" />
                <line number="57" hits="5" branch="False" />
                <line number="58" hits="5" branch="False" />
                <line number="59" hits="15" branch="True" condition-coverage="100% (2/2)">
                  <conditions>
                    <condition number="65" type="jump" coverage="100%" />
                  </conditions>
                </line>
                <line number="60" hits="5" branch="False" />
                <line number="61" hits="5" branch="False" />
                <line number="62" hits="5" branch="False" />
                <line number="63" hits="5" branch="False" />
                <line number="64" hits="5" branch="False" />
                <line number="65" hits="5" branch="False" />
                <line number="68" hits="11" branch="False" />
                <line number="69" hits="11" branch="False" />
                <line number="70" hits="11" branch="False" />
                <line number="71" hits="11" branch="False" />
                <line number="72" hits="11" branch="False" />
                <line number="74" hits="16" branch="False" />
              </lines>
            </method>
            <method name="remove_student" signature="(System.Int32)" line-rate="0.39280000000000004" branch-rate="0.45" complexity="20">
              <lines>
                <line number="76" hits="3" branch="False" />
                <line number="77" hits="3" branch="True" condition-coverage="75% (3/4)">
                  <conditions>
                    <condition number="7" type="jump" coverage="100%" />
                    <condition number="25" type="jump" coverage="50%" />
                  </conditions>
                </line>
                <line number="78" hits="0" branch="False" />
                <line number="79" hits="0" branch="False" />
                <line number="80" hits="0" branch="True" condition-coverage="0% (0/2)">
                  <conditions>
                    <condition number="80" type="jump" coverage="0%" />
                  </conditions>
                </line>
                <line number="81" hits="0" branch="False" />
                <line number="82" hits="0" branch="True" condition-coverage="0% (0/2)">
                  <conditions>
                    <condition number="65" type="jump" coverage="0%" />
                  </conditions>
                </line>
                <line number="83" hits="0" branch="False" />
                <line number="85" hits="0" branch="True" condition-coverage="0% (0/2)">
                  <conditions>
                    <condition number="87" type="jump" coverage="0%" />
                  </conditions>
                </line>
                <line number="86" hits="0" branch="False" />
                <line number="87" hits="0" branch="False" />
                <line number="88" hits="0" branch="False" />
                <line number="89" hits="0" branch="True" condition-coverage="0% (0/2)">
                  <conditions>
                    <condition number="179" type="jump" coverage="0%" />
                  </conditions>
                </line>
                <line number="90" hits="0" branch="False" />
                <line number="91" hits="0" branch="True" condition-coverage="0% (0/2)">
                  <conditions>
                    <condition number="149" type="jump" coverage="0%" />
                  </conditions>
                </line>
                <line number="92" hits="0" branch="False" />
                <line number="93" hits="0" branch="False" />
                <line number="94" hits="0" branch="False" />
                <line number="96" hits="0" branch="False" />
                <line number="98" hits="3" branch="True" condition-coverage="100% (4/4)">
                  <conditions>
                    <condition number="238" type="jump" coverage="100%" />
                    <condition number="258" type="jump" coverage="100%" />
                  </conditions>
                </line>
                <line number="99" hits="2" branch="False" />
                <line number="100" hits="2" branch="True" condition-coverage="100% (2/2)">
                  <conditions>
                    <condition number="281" type="jump" coverage="100%" />
                  </conditions>
                </line>
                <line number="101" hits="1" branch="False" />
                <line number="102" hits="1" branch="False" />
                <line number="103" hits="1" branch="False" />
                <line number="105" hits="1" branch="False" />
                <line number="107" hits="1" branch="False" />
                <line number="108" hits="3" branch="False" />
              </lines>
            </method>
            <method name="course_2_sport" signature="()" line-rate="1" branch-rate="0.9" complexity="10">
              <lines>
                <line number="110" hits="2" branch="False" />
                <line number="111" hits="2" branch="True" condition-coverage="50% (1/2)">
                  <conditions>
                    <condition number="12" type="jump" coverage="50%" />
                  </conditions>
                </line>
                <line number="112" hits="2" branch="False" />
                <line number="113" hits="14" branch="True" condition-coverage="100% (2/2)">
                  <conditions>
                    <condition number="99" type="jump" coverage="100%" />
                  </conditions>
                </line>
                <line number="114" hits="4" branch="False" />
                <line number="115" hits="4" branch="True" condition-coverage="100% (6/6)">
                  <conditions>
                    <condition number="43" type="jump" coverage="100%" />
                    <condition number="53" type="jump" coverage="100%" />
                    <condition number="79" type="jump" coverage="100%" />
                  </conditions>
                </line>
                <line number="116" hits="3" branch="False" />
                <line number="117" hits="3" branch="False" />
                <line number="118" hits="3" branch="False" />
                <line number="119" hits="4" branch="False" />
                <line number="120" hits="2" branch="False" />
                <line number="121" hits="2" branch="False" />
              </lines>
            </method>
            <method name="about_stud" signature="(System.Int32)" line-rate="0.8" branch-rate="0.5" complexity="6">
              <lines>
                <line number="123" hits="1" branch="False" />
                <line number="124" hits="1" branch="True" condition-coverage="50% (1/2)">
                  <conditions>
                    <condition number="12" type="jump" coverage="50%" />
                  </conditions>
                </line>
                <line number="125" hits="4" branch="True" condition-coverage="50% (1/2)">
                  <conditions>
                    <condition number="77" type="jump" coverage="50%" />
                  </conditions>
                </line>
                <line number="126" hits="1" branch="False" />
                <line number="127" hits="1" branch="True" condition-coverage="50% (1/2)">
                  <conditions>
                    <condition number="55" type="jump" coverage="50%" />
                  </conditions>
                </line>
                <line number="128" hits="1" branch="False" />
                <line number="129" hits="1" branch="False" />
                <line number="131" hits="0" branch="False" />
                <line number="132" hits="0" branch="False" />
                <line number="133" hits="1" branch="False" />
              </lines>
            </method>
            <method name="get_all" signature="()" line-rate="1" branch-rate="0.75" complexity="4">
              <lines>
                <line number="135" hits="1" branch="False" />
                <line number="136" hits="1" branch="False" />
                <line number="137" hits="1" branch="True" condition-coverage="50% (1/2)">
                  <conditions>
                    <condition number="18" type="jump" coverage="50%" />
                  </conditions>
                </line>
                <line number="138" hits="7" branch="True" condition-coverage="100% (2/2)">
                  <conditions>
                    <condition number="80" type="jump" coverage="100%" />
                  </conditions>
                </line>
                <line number="139" hits="2" branch="False" />
                <line number="140" hits="2" branch="False" />
                <line number="141" hits="2" branch="False" />
                <line number="142" hits="1" branch="False" />
                <line number="143" hits="1" branch="False" />
              </lines>
            </method>
            <method name="enroll_team" signature="(System.Int32)" line-rate="0.9523" branch-rate="0.875" complexity="8">
              <lines>
                <line number="145" hits="2" branch="False" />
                <line number="146" hits="2" branch="False" />
                <line number="147" hits="2" branch="False" />
                <line number="148" hits="14" branch="True" condition-coverage="100% (2/2)">
                  <conditions>
                    <condition number="45" type="jump" coverage="100%" />
                  </conditions>
                </line>
                <line number="149" hits="4" branch="False" />
                <line number="150" hits="4" branch="False" />
                <line number="151" hits="4" branch="False" />
                <line number="152" hits="4" branch="False" />
                <line number="153" hits="10" branch="True" condition-coverage="50% (1/2)">
                  <conditions>
                    <condition number="209" type="jump" coverage="50%" />
                  </conditions>
                </line>
                <line number="154" hits="3" branch="False" />
                <line number="156" hits="3" branch="True" condition-coverage="100% (2/2)">
                  <conditions>
                    <condition number="120" type="jump" coverage="100%" />
                  </conditions>
                </line>
                <line number="157" hits="2" branch="False" />
                <line number="158" hits="2" branch="True" condition-coverage="100% (2/2)">
                  <conditions>
                    <condition number="153" type="jump" coverage="100%" />
                  </conditions>
                </line>
                <line number="159" hits="1" branch="False" />
                <line number="160" hits="1" branch="False" />
                <line number="163" hits="1" branch="False" />
                <line number="164" hits="1" branch="False" />
                <line number="167" hits="1" branch="False" />
                <line number="168" hits="1" branch="False" />
                <line number="169" hits="0" branch="False" />
                <line number="170" hits="2" branch="False" />
              </lines>
            </method>
          </methods>
          <lines>
            <line number="12" hits="3" branch="False" />
            <line number="13" hits="3" branch="False" />
            <line number="14" hits="3" branch="True" condition-coverage="60% (3/5)">
              <conditions>
                <condition number="14" type="switch" coverage="60%" />
              </conditions>
            </line>
            <line number="17" hits="1" branch="False" />
            <line number="18" hits="1" branch="False" />
            <line number="20" hits="0" branch="False" />
            <line number="21" hits="0" branch="False" />
            <line number="23" hits="2" branch="False" />
            <line number="24" hits="1" branch="False" />
            <line number="26" hits="0" branch="False" />
            <line number="27" hits="0" branch="False" />
            <line number="29" hits="1" branch="False" />
            <line number="31" hits="3" branch="False" />
            <line number="33" hits="3" branch="False" />
            <line number="34" hits="3" branch="False" />
            <line number="35" hits="3" branch="True" condition-coverage="60% (3/5)">
              <conditions>
                <condition number="14" type="switch" coverage="60%" />
              </conditions>
            </line>
            <line number="38" hits="0" branch="False" />
            <line number="39" hits="0" branch="False" />
            <line number="41" hits="2" branch="False" />
            <line number="42" hits="1" branch="False" />
            <line number="44" hits="0" branch="False" />
            <line number="45" hits="0" branch="False" />
            <line number="47" hits="1" branch="False" />
            <line number="48" hits="1" branch="False" />
            <line number="50" hits="1" branch="False" />
            <line number="52" hits="3" branch="False" />
            <line number="54" hits="16" branch="False" />
            <line number="55" hits="16" branch="True" condition-coverage="100% (2/2)">
              <conditions>
                <condition number="12" type="jump" coverage="100%" />
              </conditions>
            </line>
            <line number="56" hits="5" branch="False" />
            <line number="57" hits="5" branch="False" />
            <line number="58" hits="5" branch="False" />
            <line number="59" hits="15" branch="True" condition-coverage="100% (2/2)">
              <conditions>
                <condition number="65" type="jump" coverage="100%" />
              </conditions>
            </line>
            <line number="60" hits="5" branch="False" />
            <line number="61" hits="5" branch="False" />
            <line number="62" hits="5" branch="False" />
            <line number="63" hits="5" branch="False" />
            <line number="64" hits="5" branch="False" />
            <line number="65" hits="5" branch="False" />
            <line number="68" hits="11" branch="False" />
            <line number="69" hits="11" branch="False" />
            <line number="70" hits="11" branch="False" />
            <line number="71" hits="11" branch="False" />
            <line number="72" hits="11" branch="False" />
            <line number="74" hits="16" branch="False" />
            <line number="76" hits="3" branch="False" />
            <line number="77" hits="3" branch="True" condition-coverage="75% (3/4)">
              <conditions>
                <condition number="7" type="jump" coverage="100%" />
                <condition number="25" type="jump" coverage="50%" />
              </conditions>
            </line>
            <line number="78" hits="0" branch="False" />
            <line number="79" hits="0" branch="False" />
            <line number="80" hits="0" branch="True" condition-coverage="0% (0/2)">
              <conditions>
                <condition number="80" type="jump" coverage="0%" />
              </conditions>
            </line>
            <line number="81" hits="0" branch="False" />
            <line number="82" hits="0" branch="True" condition-coverage="0% (0/2)">
              <conditions>
                <condition number="65" type="jump" coverage="0%" />
              </conditions>
            </line>
            <line number="83" hits="0" branch="False" />
            <line number="85" hits="0" branch="True" condition-coverage="0% (0/2)">
              <conditions>
                <condition number="87" type="jump" coverage="0%" />
              </conditions>
            </line>
            <line number="86" hits="0" branch="False" />
            <line number="87" hits="0" branch="False" />
            <line number="88" hits="0" branch="False" />
            <line number="89" hits="0" branch="True" condition-coverage="0% (0/2)">
              <conditions>
                <condition number="179" type="jump" coverage="0%" />
              </conditions>
            </line>
            <line number="90" hits="0" branch="False" />
            <line number="91" hits="0" branch="True" condition-coverage="0% (0/2)">
              <conditions>
                <condition number="149" type="jump" coverage="0%" />
              </conditions>
            </line>
            <line number="92" hits="0" branch="False" />
            <line number="93" hits="0" branch="False" />
            <line number="94" hits="0" branch="False" />
            <line number="96" hits="0" branch="False" />
            <line number="98" hits="3" branch="True" condition-coverage="100% (4/4)">
              <conditions>
                <condition number="238" type="jump" coverage="100%" />
                <condition number="258" type="jump" coverage="100%" />
              </conditions>
            </line>
            <line number="99" hits="2" branch="False" />
            <line number="100" hits="2" branch="True" condition-coverage="100% (2/2)">
              <conditions>
                <condition number="281" type="jump" coverage="100%" />
              </conditions>
            </line>
            <line number="101" hits="1" branch="False" />
            <line number="102" hits="1" branch="False" />
            <line number="103" hits="1" branch="False" />
            <line number="105" hits="1" branch="False" />
            <line number="107" hits="1" branch="False" />
            <line number="108" hits="3" branch="False" />
            <line number="110" hits="2" branch="False" />
            <line number="111" hits="2" branch="True" condition-coverage="50% (1/2)">
              <conditions>
                <condition number="12" type="jump" coverage="50%" />
              </conditions>
            </line>
            <line number="112" hits="2" branch="False" />
            <line number="113" hits="14" branch="True" condition-coverage="100% (2/2)">
              <conditions>
                <condition number="99" type="jump" coverage="100%" />
              </conditions>
            </line>
            <line number="114" hits="4" branch="False" />
            <line number="115" hits="4" branch="True" condition-coverage="100% (6/6)">
              <conditions>
                <condition number="43" type="jump" coverage="100%" />
                <condition number="53" type="jump" coverage="100%" />
                <condition number="79" type="jump" coverage="100%" />
              </conditions>
            </line>
            <line number="116" hits="3" branch="False" />
            <line number="117" hits="3" branch="False" />
            <line number="118" hits="3" branch="False" />
            <line number="119" hits="4" branch="False" />
            <line number="120" hits="2" branch="False" />
            <line number="121" hits="2" branch="False" />
            <line number="123" hits="1" branch="False" />
            <line number="124" hits="1" branch="True" condition-coverage="50% (1/2)">
              <conditions>
                <condition number="12" type="jump" coverage="50%" />
              </conditions>
            </line>
            <line number="125" hits="4" branch="True" condition-coverage="50% (1/2)">
              <conditions>
                <condition number="77" type="jump" coverage="50%" />
              </conditions>
            </line>
            <line number="126" hits="1" branch="False" />
            <line number="127" hits="1" branch="True" condition-coverage="50% (1/2)">
              <conditions>
                <condition number="55" type="jump" coverage="50%" />
              </conditions>
            </line>
            <line number="128" hits="1" branch="False" />
            <line number="129" hits="1" branch="False" />
            <line number="131" hits="0" branch="False" />
            <line number="132" hits="0" branch="False" />
            <line number="133" hits="1" branch="False" />
            <line number="135" hits="1" branch="False" />
            <line number="136" hits="1" branch="False" />
            <line number="137" hits="1" branch="True" condition-coverage="50% (1/2)">
              <conditions>
                <condition number="18" type="jump" coverage="50%" />
              </conditions>
            </line>
            <line number="138" hits="7" branch="True" condition-coverage="100% (2/2)">
              <conditions>
                <condition number="80" type="jump" coverage="100%" />
              </conditions>
            </line>
            <line number="139" hits="2" branch="False" />
            <line number="140" hits="2" branch="False" />
            <line number="141" hits="2" branch="False" />
            <line number="142" hits="1" branch="False" />
            <line number="143" hits="1" branch="False" />
            <line number="145" hits="2" branch="False" />
            <line number="146" hits="2" branch="False" />
            <line number="147" hits="2" branch="False" />
            <line number="148" hits="14" branch="True" condition-coverage="100% (2/2)">
              <conditions>
                <condition number="45" type="jump" coverage="100%" />
              </conditions>
            </line>
            <line number="149" hits="4" branch="False" />
            <line number="150" hits="4" branch="False" />
            <line number="151" hits="4" branch="False" />
            <line number="152" hits="4" branch="False" />
            <line number="153" hits="10" branch="True" condition-coverage="50% (1/2)">
              <conditions>
                <condition number="209" type="jump" coverage="50%" />
              </conditions>
            </line>
            <line number="154" hits="3" branch="False" />
            <line number="156" hits="3" branch="True" condition-coverage="100% (2/2)">
              <conditions>
                <condition number="120" type="jump" coverage="100%" />
              </conditions>
            </line>
            <line number="157" hits="2" branch="False" />
            <line number="158" hits="2" branch="True" condition-coverage="100% (2/2)">
              <conditions>
                <condition number="153" type="jump" coverage="100%" />
              </conditions>
            </line>
            <line number="159" hits="1" branch="False" />
            <line number="160" hits="1" branch="False" />
            <line number="163" hits="1" branch="False" />
            <line number="164" hits="1" branch="False" />
            <line number="167" hits="1" branch="False" />
            <line number="168" hits="1" branch="False" />
            <line number="169" hits="0" branch="False" />
            <line number="170" hits="2" branch="False" />
          </lines>
        </class>
      </classes>
    </package>
    <package name="DAL" line-rate="0.4621" branch-rate="0.2" complexity="39">
      <classes>
        <class name="DAL.EntityContext`1" filename="DAL\EntityContext.cs" line-rate="0.3157" branch-rate="0.2" complexity="24">
          <methods>
            <method name="WriteXML" signature="(T[])" line-rate="0" branch-rate="1" complexity="1">
              <lines>
                <line number="14" hits="0" branch="False" />
                <line number="15" hits="0" branch="False" />
                <line number="17" hits="0" branch="False" />
                <line number="19" hits="0" branch="False" />
                <line number="20" hits="0" branch="False" />
                <line number="21" hits="0" branch="False" />
                <line number="22" hits="0" branch="False" />
                <line number="23" hits="0" branch="False" />
              </lines>
            </method>
            <method name="ReadXML" signature="()" line-rate="1" branch-rate="1" complexity="1">
              <lines>
                <line number="25" hits="1" branch="False" />
                <line number="26" hits="1" branch="False" />
                <line number="28" hits="1" branch="False" />
                <line number="30" hits="1" branch="False" />
                <line number="31" hits="1" branch="False" />
                <line number="32" hits="1" branch="False" />
                <line number="34" hits="1" branch="False" />
              </lines>
            </method>
            <method name="WriteBin" signature="(T[])" line-rate="0.5714" branch-rate="0.5" complexity="2">
              <lines>
                <line number="36" hits="1" branch="False" />
                <line number="37" hits="1" branch="True" condition-coverage="50% (1/2)">
                  <conditions>
                    <condition number="7" type="jump" coverage="50%" />
                  </conditions>
                </line>
                <line number="38" hits="0" branch="False" />
                <line number="39" hits="0" branch="False" />
                <line number="41" hits="0" branch="False" />
                <line number="42" hits="0" branch="False" />
                <line number="44" hits="0" branch="False" />
                <line number="45" hits="0" branch="False" />
                <line number="47" hits="1" branch="False" />
                <line number="49" hits="1" branch="False" />
                <line number="50" hits="1" branch="False" />
                <line number="51" hits="1" branch="False" />
                <line number="52" hits="1" branch="False" />
                <line number="53" hits="1" branch="False" />
              </lines>
            </method>
            <method name="ReadBin" signature="()" line-rate="0" branch-rate="0" complexity="2">
              <lines>
                <line number="55" hits="0" branch="False" />
                <line number="56" hits="0" branch="False" />
                <line number="58" hits="0" branch="False" />
                <line number="59" hits="0" branch="False" />
                <line number="60" hits="0" branch="True" condition-coverage="0% (0/2)">
                  <conditions>
                    <condition number="52" type="jump" coverage="0%" />
                  </conditions>
                </line>
                <line number="61" hits="0" branch="False" />
                <line number="62" hits="0" branch="False" />
                <line number="64" hits="0" branch="False" />
                <line number="66" hits="0" branch="False" />
              </lines>
            </method>
            <method name="WriteJSON" signature="(T[])" line-rate="0" branch-rate="1" complexity="1">
              <lines>
                <line number="68" hits="0" branch="False" />
                <line number="69" hits="0" branch="False" />
                <line number="70" hits="0" branch="False" />
                <line number="71" hits="0" branch="False" />
                <line number="72" hits="0" branch="False" />
              </lines>
            </method>
            <method name="ReadJSON" signature="()" line-rate="1" branch-rate="1" complexity="1">
              <lines>
                <line number="74" hits="1" branch="False" />
                <line number="75" hits="1" branch="False" />
                <line number="76" hits="1" branch="False" />
                <line number="77" hits="1" branch="False" />
                <line number="78" hits="1" branch="False" />
              </lines>
            </method>
            <method name="WriteCustom" signature="(DAL.Entities.Student[])" line-rate="0.7142000000000001" branch-rate="0.75" complexity="4">
              <lines>
                <line number="80" hits="1" branch="False" />
                <line number="81" hits="1" branch="True" condition-coverage="50% (1/2)">
                  <conditions>
                    <condition number="7" type="jump" coverage="50%" />
                  </conditions>
                </line>
                <line number="82" hits="0" branch="False" />
                <line number="83" hits="0" branch="False" />
                <line number="84" hits="0" branch="False" />
                <line number="85" hits="0" branch="False" />
                <line number="87" hits="1" branch="False" />
                <line number="88" hits="5" branch="True" condition-coverage="100% (2/2)">
                  <conditions>
                    <condition number="237" type="jump" coverage="100%" />
                  </conditions>
                </line>
                <line number="89" hits="1" branch="False" />
                <line number="90" hits="1" branch="False" />
                <line number="91" hits="1" branch="False" />
                <line number="92" hits="1" branch="False" />
                <line number="93" hits="1" branch="False" />
                <line number="94" hits="1" branch="False" />
              </lines>
            </method>
            <method name="ReadCustom" signature="()" line-rate="0" branch-rate="0" complexity="6">
              <lines>
                <line number="96" hits="0" branch="False" />
                <line number="97" hits="0" branch="False" />
                <line number="98" hits="0" branch="False" />
                <line number="100" hits="0" branch="True" condition-coverage="0% (0/2)">
                  <conditions>
                    <condition number="321" type="jump" coverage="0%" />
                  </conditions>
                </line>
                <line number="101" hits="0" branch="False" />
                <line number="103" hits="0" branch="True" condition-coverage="0% (0/2)">
                  <conditions>
                    <condition number="48" type="jump" coverage="0%" />
                  </conditions>
                </line>
                <line number="104" hits="0" branch="False" />
                <line number="105" hits="0" branch="False" />
                <line number="107" hits="0" branch="False" />
                <line number="108" hits="0" branch="True" condition-coverage="0% (0/2)">
                  <conditions>
                    <condition number="99" type="jump" coverage="0%" />
                  </conditions>
                </line>
                <line number="109" hits="0" branch="False" />
                <line number="110" hits="0" branch="False" />
                <line number="111" hits="0" branch="False" />
                <line number="113" hits="0" branch="False" />
                <line number="114" hits="0" branch="False" />
                <line number="115" hits="0" branch="False" />
                <line number="117" hits="0" branch="False" />
                <line number="118" hits="0" branch="False" />
                <line number="119" hits="0" branch="False" />
                <line number="120" hits="0" branch="False" />
                <line number="121" hits="0" branch="False" />
                <line number="122" hits="0" branch="False" />
                <line number="123" hits="0" branch="False" />
              </lines>
            </method>
            <method name="findValue" signature="(System.String)" line-rate="0" branch-rate="0" complexity="6">
              <lines>
                <line number="125" hits="0" branch="False" />
                <line number="126" hits="0" branch="False" />
                <line number="127" hits="0" branch="True" condition-coverage="0% (0/2)">
                  <conditions>
                    <condition number="94" type="jump" coverage="0%" />
                  </conditions>
                </line>
                <line number="128" hits="0" branch="False" />
                <line number="129" hits="0" branch="True" condition-coverage="0% (0/4)">
                  <conditions>
                    <condition number="42" type="jump" coverage="0%" />
                    <condition number="63" type="jump" coverage="0%" />
                  </conditions>
                </line>
                <line number="130" hits="0" branch="False" />
                <line number="131" hits="0" branch="False" />
                <line number="134" hits="0" branch="False" />
                <line number="135" hits="0" branch="False" />
                <line number="136" hits="0" branch="False" />
              </lines>
            </method>
          </methods>
          <lines>
            <line number="14" hits="0" branch="False" />
            <line number="15" hits="0" branch="False" />
            <line number="17" hits="0" branch="False" />
            <line number="19" hits="0" branch="False" />
            <line number="20" hits="0" branch="False" />
            <line number="21" hits="0" branch="False" />
            <line number="22" hits="0" branch="False" />
            <line number="23" hits="0" branch="False" />
            <line number="25" hits="1" branch="False" />
            <line number="26" hits="1" branch="False" />
            <line number="28" hits="1" branch="False" />
            <line number="30" hits="1" branch="False" />
            <line number="31" hits="1" branch="False" />
            <line number="32" hits="1" branch="False" />
            <line number="34" hits="1" branch="False" />
            <line number="36" hits="1" branch="False" />
            <line number="37" hits="1" branch="True" condition-coverage="50% (1/2)">
              <conditions>
                <condition number="7" type="jump" coverage="50%" />
              </conditions>
            </line>
            <line number="38" hits="0" branch="False" />
            <line number="39" hits="0" branch="False" />
            <line number="41" hits="0" branch="False" />
            <line number="42" hits="0" branch="False" />
            <line number="44" hits="0" branch="False" />
            <line number="45" hits="0" branch="False" />
            <line number="47" hits="1" branch="False" />
            <line number="49" hits="1" branch="False" />
            <line number="50" hits="1" branch="False" />
            <line number="51" hits="1" branch="False" />
            <line number="52" hits="1" branch="False" />
            <line number="53" hits="1" branch="False" />
            <line number="55" hits="0" branch="False" />
            <line number="56" hits="0" branch="False" />
            <line number="58" hits="0" branch="False" />
            <line number="59" hits="0" branch="False" />
            <line number="60" hits="0" branch="True" condition-coverage="0% (0/2)">
              <conditions>
                <condition number="52" type="jump" coverage="0%" />
              </conditions>
            </line>
            <line number="61" hits="0" branch="False" />
            <line number="62" hits="0" branch="False" />
            <line number="64" hits="0" branch="False" />
            <line number="66" hits="0" branch="False" />
            <line number="68" hits="0" branch="False" />
            <line number="69" hits="0" branch="False" />
            <line number="70" hits="0" branch="False" />
            <line number="71" hits="0" branch="False" />
            <line number="72" hits="0" branch="False" />
            <line number="74" hits="1" branch="False" />
            <line number="75" hits="1" branch="False" />
            <line number="76" hits="1" branch="False" />
            <line number="77" hits="1" branch="False" />
            <line number="78" hits="1" branch="False" />
            <line number="80" hits="1" branch="False" />
            <line number="81" hits="1" branch="True" condition-coverage="50% (1/2)">
              <conditions>
                <condition number="7" type="jump" coverage="50%" />
              </conditions>
            </line>
            <line number="82" hits="0" branch="False" />
            <line number="83" hits="0" branch="False" />
            <line number="84" hits="0" branch="False" />
            <line number="85" hits="0" branch="False" />
            <line number="87" hits="1" branch="False" />
            <line number="88" hits="5" branch="True" condition-coverage="100% (2/2)">
              <conditions>
                <condition number="237" type="jump" coverage="100%" />
              </conditions>
            </line>
            <line number="89" hits="1" branch="False" />
            <line number="90" hits="1" branch="False" />
            <line number="91" hits="1" branch="False" />
            <line number="92" hits="1" branch="False" />
            <line number="93" hits="1" branch="False" />
            <line number="94" hits="1" branch="False" />
            <line number="96" hits="0" branch="False" />
            <line number="97" hits="0" branch="False" />
            <line number="98" hits="0" branch="False" />
            <line number="100" hits="0" branch="True" condition-coverage="0% (0/2)">
              <conditions>
                <condition number="321" type="jump" coverage="0%" />
              </conditions>
            </line>
            <line number="101" hits="0" branch="False" />
            <line number="103" hits="0" branch="True" condition-coverage="0% (0/2)">
              <conditions>
                <condition number="48" type="jump" coverage="0%" />
              </conditions>
            </line>
            <line number="104" hits="0" branch="False" />
            <line number="105" hits="0" branch="False" />
            <line number="107" hits="0" branch="False" />
            <line number="108" hits="0" branch="True" condition-coverage="0% (0/2)">
              <conditions>
                <condition number="99" type="jump" coverage="0%" />
              </conditions>
            </line>
            <line number="109" hits="0" branch="False" />
            <line number="110" hits="0" branch="False" />
            <line number="111" hits="0" branch="False" />
            <line number="113" hits="0" branch="False" />
            <line number="114" hits="0" branch="False" />
            <line number="115" hits="0" branch="False" />
            <line number="117" hits="0" branch="False" />
            <line number="118" hits="0" branch="False" />
            <line number="119" hits="0" branch="False" />
            <line number="120" hits="0" branch="False" />
            <line number="121" hits="0" branch="False" />
            <line number="122" hits="0" branch="False" />
            <line number="123" hits="0" branch="False" />
            <line number="125" hits="0" branch="False" />
            <line number="126" hits="0" branch="False" />
            <line number="127" hits="0" branch="True" condition-coverage="0% (0/2)">
              <conditions>
                <condition number="94" type="jump" coverage="0%" />
              </conditions>
            </line>
            <line number="128" hits="0" branch="False" />
            <line number="129" hits="0" branch="True" condition-coverage="0% (0/4)">
              <conditions>
                <condition number="42" type="jump" coverage="0%" />
                <condition number="63" type="jump" coverage="0%" />
              </conditions>
            </line>
            <line number="130" hits="0" branch="False" />
            <line number="131" hits="0" branch="False" />
            <line number="134" hits="0" branch="False" />
            <line number="135" hits="0" branch="False" />
            <line number="136" hits="0" branch="False" />
          </lines>
        </class>
        <class name="DAL.Entities.Human" filename="DAL\Entities\Human.cs" line-rate="0.8" branch-rate="1" complexity="6">
          <methods>
            <method name="get_tp_of_occup" signature="()" line-rate="1" branch-rate="1" complexity="1">
              <lines>
                <line number="10" hits="22" branch="False" />
              </lines>
            </method>
            <method name="get_lastName" signature="()" line-rate="1" branch-rate="1" complexity="1">
              <lines>
                <line number="11" hits="27" branch="False" />
              </lines>
            </method>
            <method name="get_firstName" signature="()" line-rate="1" branch-rate="1" complexity="1">
              <lines>
                <line number="12" hits="27" branch="False" />
              </lines>
            </method>
            <method name="play_the_guitar" signature="()" line-rate="0" branch-rate="1" complexity="1">
              <lines>
                <line number="24" hits="0" branch="False" />
                <line number="25" hits="0" branch="False" />
                <line number="26" hits="0" branch="False" />
              </lines>
            </method>
            <method name=".ctor" signature="()" line-rate="1" branch-rate="1" complexity="1">
              <lines>
                <line number="13" hits="6" branch="False" />
                <line number="14" hits="6" branch="False" />
                <line number="16" hits="6" branch="False" />
              </lines>
            </method>
            <method name=".ctor" signature="(System.String,System.String,System.String)" line-rate="1" branch-rate="1" complexity="1">
              <lines>
                <line number="17" hits="16" branch="False" />
                <line number="18" hits="16" branch="False" />
                <line number="19" hits="16" branch="False" />
                <line number="20" hits="16" branch="False" />
                <line number="21" hits="16" branch="False" />
                <line number="22" hits="16" branch="False" />
              </lines>
            </method>
          </methods>
          <lines>
            <line number="10" hits="22" branch="False" />
            <line number="11" hits="27" branch="False" />
            <line number="12" hits="27" branch="False" />
            <line number="24" hits="0" branch="False" />
            <line number="25" hits="0" branch="False" />
            <line number="26" hits="0" branch="False" />
            <line number="13" hits="6" branch="False" />
            <line number="14" hits="6" branch="False" />
            <line number="16" hits="6" branch="False" />
            <line number="17" hits="16" branch="False" />
            <line number="18" hits="16" branch="False" />
            <line number="19" hits="16" branch="False" />
            <line number="20" hits="16" branch="False" />
            <line number="21" hits="16" branch="False" />
            <line number="22" hits="16" branch="False" />
          </lines>
        </class>
        <class name="DAL.Entities.Student" filename="DAL\Entities\Student.cs" line-rate="0.8636" branch-rate="1" complexity="9">
          <methods>
            <method name="set_courseN" signature="(System.Int32)" line-rate="1" branch-rate="1" complexity="1">
              <lines>
                <line number="10" hits="30" branch="False" />
              </lines>
            </method>
            <method name="set_studentID" signature="(System.Int32)" line-rate="1" branch-rate="1" complexity="1">
              <lines>
                <line number="11" hits="29" branch="False" />
              </lines>
            </method>
            <method name="set_hobby" signature="(System.String)" line-rate="1" branch-rate="1" complexity="1">
              <lines>
                <line number="12" hits="29" branch="False" />
              </lines>
            </method>
            <method name="set_hobby_id" signature="(System.Int32)" line-rate="1" branch-rate="1" complexity="1">
              <lines>
                <line number="13" hits="29" branch="False" />
              </lines>
            </method>
            <method name="set_level_in_sport" signature="(System.Int32)" line-rate="1" branch-rate="1" complexity="1">
              <lines>
                <line number="14" hits="30" branch="False" />
              </lines>
            </method>
            <method name="Study" signature="()" line-rate="0" branch-rate="1" complexity="1">
              <lines>
                <line number="28" hits="0" branch="False" />
                <line number="29" hits="0" branch="False" />
                <line number="30" hits="0" branch="False" />
              </lines>
            </method>
            <method name="ToString" signature="()" line-rate="1" branch-rate="1" complexity="1">
              <lines>
                <line number="32" hits="3" branch="False" />
                <line number="33" hits="3" branch="False" />
                <line number="34" hits="3" branch="False" />
              </lines>
            </method>
            <method name=".ctor" signature="()" line-rate="1" branch-rate="1" complexity="1">
              <lines>
                <line number="15" hits="6" branch="False" />
                <line number="16" hits="6" branch="False" />
                <line number="18" hits="6" branch="False" />
              </lines>
            </method>
            <method name=".ctor" signature="(System.String,System.String,System.Int32,System.Int32,System.Int32,System.Int32)" line-rate="1" branch-rate="1" complexity="1">
              <lines>
                <line number="19" hits="16" branch="False" />
                <line number="20" hits="16" branch="False" />
                <line number="21" hits="16" branch="False" />
                <line number="22" hits="16" branch="False" />
                <line number="23" hits="16" branch="False" />
                <line number="24" hits="16" branch="False" />
                <line number="25" hits="16" branch="False" />
                <line number="26" hits="16" branch="False" />
              </lines>
            </method>
          </methods>
          <lines>
            <line number="10" hits="30" branch="False" />
            <line number="11" hits="29" branch="False" />
            <line number="12" hits="29" branch="False" />
            <line number="13" hits="29" branch="False" />
            <line number="14" hits="30" branch="False" />
            <line number="28" hits="0" branch="False" />
            <line number="29" hits="0" branch="False" />
            <line number="30" hits="0" branch="False" />
            <line number="32" hits="3" branch="False" />
            <line number="33" hits="3" branch="False" />
            <line number="34" hits="3" branch="False" />
            <line number="15" hits="6" branch="False" />
            <line number="16" hits="6" branch="False" />
            <line number="18" hits="6" branch="False" />
            <line number="19" hits="16" branch="False" />
            <line number="20" hits="16" branch="False" />
            <line number="21" hits="16" branch="False" />
            <line number="22" hits="16" branch="False" />
            <line number="23" hits="16" branch="False" />
            <line number="24" hits="16" branch="False" />
            <line number="25" hits="16" branch="False" />
            <line number="26" hits="16" branch="False" />
          </lines>
        </class>
      </classes>
    </package>
  </packages>
</coverage>