<?xml version="1.0" encoding="utf-8"?>
<coverage line-rate="0.6435" branch-rate="0.4" version="1.9" timestamp="1668683606" lines-covered="269" lines-valid="418" branches-covered="36" branches-valid="90">
  <sources>
    <source>C:\Users\mykva\Desktop\C#_Labs\oop_2_course\term_paper\</source>
  </sources>
  <packages>
    <package name="BLL" line-rate="0.5454" branch-rate="0.3333" complexity="82">
      <classes>
        <class name="BLL.EntityService" filename="BLL\EntityService.cs" line-rate="0.5454" branch-rate="0.3333" complexity="82">
          <methods>
            <method name="End_of_work" signature="()" line-rate="0" branch-rate="1" complexity="1">
              <lines>
                <line number="22" hits="0" branch="False" />
                <line number="23" hits="0" branch="False" />
                <line number="24" hits="0" branch="False" />
                <line number="25" hits="0" branch="False" />
              </lines>
            </method>
            <method name="add_client" signature="(System.Int32,System.String,System.String,System.Int32,System.Int32,System.String)" line-rate="1" branch-rate="1" complexity="1">
              <lines>
                <line number="28" hits="13" branch="False" />
                <line number="29" hits="13" branch="False" />
                <line number="30" hits="13" branch="False" />
                <line number="31" hits="13" branch="False" />
              </lines>
            </method>
            <method name="remove_client" signature="(System.Int32)" line-rate="0.6" branch-rate="0.5" complexity="2">
              <lines>
                <line number="33" hits="1" branch="False" />
                <line number="34" hits="4" branch="True" condition-coverage="50% (1/2)">
                  <conditions>
                    <condition number="50" type="jump" coverage="50%" />
                  </conditions>
                </line>
                <line number="36" hits="0" branch="False" />
                <line number="37" hits="0" branch="False" />
                <line number="40" hits="1" branch="False" />
              </lines>
            </method>
            <method name="add_prefearings" signature="(System.Int32,System.Int32,System.Int32,System.Int32,System.Int32,System.Int32,System.Int32,System.Int32,System.Int32,System.Int32,System.Int32)" line-rate="1" branch-rate="1" complexity="1">
              <lines>
                <line number="43" hits="3" branch="False" />
                <line number="44" hits="6" branch="False" />
                <line number="45" hits="3" branch="False" />
              </lines>
            </method>
            <method name="change_client_id" signature="(System.Int32,System.Int32)" line-rate="0.75" branch-rate="0.5" complexity="2">
              <lines>
                <line number="46" hits="1" branch="False" />
                <line number="47" hits="2" branch="True" condition-coverage="50% (1/2)">
                  <conditions>
                    <condition number="39" type="jump" coverage="50%" />
                  </conditions>
                </line>
                <line number="48" hits="1" branch="False" />
                <line number="49" hits="2" branch="False" />
                <line number="50" hits="1" branch="False" />
                <line number="53" hits="0" branch="False" />
                <line number="54" hits="0" branch="False" />
                <line number="56" hits="1" branch="False" />
              </lines>
            </method>
            <method name="change_client_rented_apartment" signature="(System.Int32,System.Int32)" line-rate="0.75" branch-rate="0.5" complexity="2">
              <lines>
                <line number="58" hits="1" branch="False" />
                <line number="59" hits="2" branch="True" condition-coverage="50% (1/2)">
                  <conditions>
                    <condition number="46" type="jump" coverage="50%" />
                  </conditions>
                </line>
                <line number="60" hits="1" branch="False" />
                <line number="61" hits="3" branch="False" />
                <line number="62" hits="1" branch="False" />
                <line number="65" hits="0" branch="False" />
                <line number="66" hits="0" branch="False" />
                <line number="68" hits="1" branch="False" />
              </lines>
            </method>
            <method name="change_client_name" signature="(System.Int32,System.String)" line-rate="0.625" branch-rate="0.5" complexity="2">
              <lines>
                <line number="69" hits="1" branch="False" />
                <line number="70" hits="2" branch="True" condition-coverage="50% (1/2)">
                  <conditions>
                    <condition number="39" type="jump" coverage="50%" />
                  </conditions>
                </line>
                <line number="71" hits="0" branch="False" />
                <line number="72" hits="0" branch="False" />
                <line number="73" hits="0" branch="False" />
                <line number="76" hits="1" branch="False" />
                <line number="77" hits="1" branch="False" />
                <line number="79" hits="1" branch="False" />
              </lines>
            </method>
            <method name="change_client_surname" signature="(System.Int32,System.String)" line-rate="0.75" branch-rate="0.5" complexity="2">
              <lines>
                <line number="81" hits="1" branch="False" />
                <line number="82" hits="2" branch="True" condition-coverage="50% (1/2)">
                  <conditions>
                    <condition number="39" type="jump" coverage="50%" />
                  </conditions>
                </line>
                <line number="83" hits="1" branch="False" />
                <line number="84" hits="2" branch="False" />
                <line number="85" hits="1" branch="False" />
                <line number="88" hits="0" branch="False" />
                <line number="89" hits="0" branch="False" />
                <line number="91" hits="1" branch="False" />
              </lines>
            </method>
            <method name="change_client_bank_account" signature="(System.Int32,System.Int32)" line-rate="0.75" branch-rate="0.5" complexity="2">
              <lines>
                <line number="93" hits="1" branch="False" />
                <line number="94" hits="2" branch="True" condition-coverage="50% (1/2)">
                  <conditions>
                    <condition number="39" type="jump" coverage="50%" />
                  </conditions>
                </line>
                <line number="95" hits="1" branch="False" />
                <line number="96" hits="2" branch="False" />
                <line number="97" hits="2" branch="False" />
                <line number="100" hits="0" branch="False" />
                <line number="101" hits="0" branch="False" />
                <line number="103" hits="1" branch="False" />
              </lines>
            </method>
            <method name="change_client_bank_balance" signature="(System.Int32,System.Int32)" line-rate="0.75" branch-rate="0.5" complexity="2">
              <lines>
                <line number="105" hits="1" branch="False" />
                <line number="106" hits="2" branch="True" condition-coverage="50% (1/2)">
                  <conditions>
                    <condition number="39" type="jump" coverage="50%" />
                  </conditions>
                </line>
                <line number="107" hits="1" branch="False" />
                <line number="108" hits="2" branch="False" />
                <line number="109" hits="2" branch="False" />
                <line number="112" hits="0" branch="False" />
                <line number="113" hits="0" branch="False" />
                <line number="115" hits="1" branch="False" />
              </lines>
            </method>
            <method name="change_client_add_info" signature="(System.Int32,System.String)" line-rate="0.75" branch-rate="0.5" complexity="2">
              <lines>
                <line number="116" hits="1" branch="False" />
                <line number="117" hits="2" branch="True" condition-coverage="50% (1/2)">
                  <conditions>
                    <condition number="39" type="jump" coverage="50%" />
                  </conditions>
                </line>
                <line number="118" hits="1" branch="False" />
                <line number="119" hits="2" branch="False" />
                <line number="120" hits="2" branch="False" />
                <line number="123" hits="0" branch="False" />
                <line number="124" hits="0" branch="False" />
                <line number="126" hits="1" branch="False" />
              </lines>
            </method>
            <method name="smash_or_pass_offers" signature="(System.Int32)" line-rate="0.35" branch-rate="0.2" complexity="10">
              <lines>
                <line number="127" hits="1" branch="False" />
                <line number="128" hits="2" branch="False" />
                <line number="129" hits="1" branch="False" />
                <line number="130" hits="1" branch="True" condition-coverage="50% (2/4)">
                  <conditions>
                    <condition number="50" type="jump" coverage="50%" />
                    <condition number="66" type="jump" coverage="50%" />
                  </conditions>
                </line>
                <line number="131" hits="1" branch="False" />
                <line number="132" hits="1" branch="False" />
                <line number="135" hits="0" branch="False" />
                <line number="136" hits="0" branch="True" condition-coverage="0% (0/2)">
                  <conditions>
                    <condition number="155" type="jump" coverage="0%" />
                  </conditions>
                </line>
                <line number="137" hits="0" branch="False" />
                <line number="138" hits="0" branch="True" condition-coverage="0% (0/2)">
                  <conditions>
                    <condition number="134" type="jump" coverage="0%" />
                  </conditions>
                </line>
                <line number="139" hits="0" branch="False" />
                <line number="140" hits="0" branch="False" />
                <line number="141" hits="0" branch="False" />
                <line number="142" hits="0" branch="False" />
                <line number="143" hits="0" branch="True" condition-coverage="0% (0/2)">
                  <conditions>
                    <condition number="212" type="jump" coverage="0%" />
                  </conditions>
                </line>
                <line number="144" hits="0" branch="False" />
                <line number="145" hits="0" branch="False" />
                <line number="146" hits="0" branch="False" />
                <line number="147" hits="0" branch="False" />
                <line number="149" hits="1" branch="False" />
              </lines>
            </method>
            <method name="see_client_info" signature="(System.Int32)" line-rate="1" branch-rate="1" complexity="1">
              <lines>
                <line number="151" hits="2" branch="False" />
                <line number="152" hits="4" branch="False" />
                <line number="153" hits="2" branch="False" />
              </lines>
            </method>
            <method name="see_all_clients" signature="()" line-rate="0" branch-rate="0" complexity="2">
              <lines>
                <line number="154" hits="0" branch="False" />
                <line number="155" hits="0" branch="False" />
                <line number="156" hits="0" branch="True" condition-coverage="0% (0/2)">
                  <conditions>
                    <condition number="116" type="jump" coverage="0%" />
                  </conditions>
                </line>
                <line number="157" hits="0" branch="False" />
                <line number="158" hits="0" branch="False" />
                <line number="159" hits="0" branch="False" />
                <line number="160" hits="0" branch="False" />
                <line number="161" hits="0" branch="False" />
              </lines>
            </method>
            <method name="sort_cli_by_name" signature="()" line-rate="0" branch-rate="1" complexity="1">
              <lines>
                <line number="164" hits="0" branch="False" />
                <line number="165" hits="0" branch="False" />
                <line number="166" hits="0" branch="False" />
              </lines>
            </method>
            <method name="sort_cli_by_surname" signature="()" line-rate="0" branch-rate="1" complexity="1">
              <lines>
                <line number="168" hits="0" branch="False" />
                <line number="169" hits="0" branch="False" />
                <line number="170" hits="0" branch="False" />
              </lines>
            </method>
            <method name="sort_cli_by_bank" signature="()" line-rate="0" branch-rate="1" complexity="1">
              <lines>
                <line number="172" hits="0" branch="False" />
                <line number="173" hits="0" branch="False" />
                <line number="174" hits="0" branch="False" />
              </lines>
            </method>
            <method name="add_appartment" signature="(System.Int32,System.Int32,System.Int32,System.Int32,System.Int32,System.Int32,System.String)" line-rate="1" branch-rate="1" complexity="1">
              <lines>
                <line number="176" hits="10" branch="False" />
                <line number="177" hits="10" branch="False" />
                <line number="178" hits="10" branch="False" />
                <line number="179" hits="10" branch="False" />
              </lines>
            </method>
            <method name="remove_apartment" signature="(System.Int32)" line-rate="0.6" branch-rate="0.5" complexity="2">
              <lines>
                <line number="180" hits="1" branch="False" />
                <line number="181" hits="4" branch="True" condition-coverage="50% (1/2)">
                  <conditions>
                    <condition number="50" type="jump" coverage="50%" />
                  </conditions>
                </line>
                <line number="183" hits="0" branch="False" />
                <line number="184" hits="0" branch="False" />
                <line number="186" hits="1" branch="False" />
              </lines>
            </method>
            <method name="change_apartment_cost" signature="(System.Int32,System.Int32)" line-rate="0.75" branch-rate="0.5" complexity="2">
              <lines>
                <line number="188" hits="1" branch="False" />
                <line number="189" hits="2" branch="True" condition-coverage="50% (1/2)">
                  <conditions>
                    <condition number="39" type="jump" coverage="50%" />
                  </conditions>
                </line>
                <line number="190" hits="1" branch="False" />
                <line number="191" hits="2" branch="False" />
                <line number="192" hits="1" branch="False" />
                <line number="195" hits="0" branch="False" />
                <line number="196" hits="0" branch="False" />
                <line number="198" hits="1" branch="False" />
              </lines>
            </method>
            <method name="change_apartment_bedroom_n" signature="(System.Int32,System.Int32)" line-rate="0.75" branch-rate="0.5" complexity="2">
              <lines>
                <line number="200" hits="1" branch="False" />
                <line number="201" hits="2" branch="True" condition-coverage="50% (1/2)">
                  <conditions>
                    <condition number="39" type="jump" coverage="50%" />
                  </conditions>
                </line>
                <line number="202" hits="1" branch="False" />
                <line number="203" hits="2" branch="False" />
                <line number="204" hits="1" branch="False" />
                <line number="207" hits="0" branch="False" />
                <line number="208" hits="0" branch="False" />
                <line number="210" hits="1" branch="False" />
              </lines>
            </method>
            <method name="change_furnitering_level" signature="(System.Int32,System.Int32)" line-rate="0.75" branch-rate="0.5" complexity="2">
              <lines>
                <line number="212" hits="1" branch="False" />
                <line number="213" hits="2" branch="True" condition-coverage="50% (1/2)">
                  <conditions>
                    <condition number="39" type="jump" coverage="50%" />
                  </conditions>
                </line>
                <line number="214" hits="1" branch="False" />
                <line number="215" hits="2" branch="False" />
                <line number="216" hits="1" branch="False" />
                <line number="219" hits="0" branch="False" />
                <line number="220" hits="0" branch="False" />
                <line number="222" hits="1" branch="False" />
              </lines>
            </method>
            <method name="change_proxim_to_center" signature="(System.Int32,System.Int32)" line-rate="0" branch-rate="1" complexity="1">
              <lines>
                <line number="223" hits="0" branch="False" />
                <line number="224" hits="0" branch="False" />
                <line number="225" hits="0" branch="False" />
              </lines>
            </method>
            <method name="change_private_plot" signature="(System.Int32,System.Int32)" line-rate="0" branch-rate="1" complexity="1">
              <lines>
                <line number="227" hits="0" branch="False" />
                <line number="228" hits="0" branch="False" />
                <line number="229" hits="0" branch="False" />
              </lines>
            </method>
            <method name="change_add_info" signature="(System.Int32,System.String)" line-rate="0" branch-rate="1" complexity="1">
              <lines>
                <line number="231" hits="0" branch="False" />
                <line number="232" hits="0" branch="False" />
                <line number="233" hits="0" branch="False" />
              </lines>
            </method>
            <method name="see_apartment_info" signature="(System.Int32)" line-rate="1" branch-rate="1" complexity="1">
              <lines>
                <line number="236" hits="11" branch="False" />
                <line number="237" hits="22" branch="False" />
                <line number="238" hits="11" branch="False" />
              </lines>
            </method>
            <method name="see_all_apartments" signature="()" line-rate="0" branch-rate="0" complexity="2">
              <lines>
                <line number="240" hits="0" branch="False" />
                <line number="241" hits="0" branch="False" />
                <line number="242" hits="0" branch="True" condition-coverage="0% (0/2)">
                  <conditions>
                    <condition number="78" type="jump" coverage="0%" />
                  </conditions>
                </line>
                <line number="243" hits="0" branch="False" />
                <line number="244" hits="0" branch="False" />
                <line number="245" hits="0" branch="False" />
                <line number="246" hits="0" branch="False" />
                <line number="247" hits="0" branch="False" />
              </lines>
            </method>
            <method name="sort_apa_by_bed_r" signature="()" line-rate="0" branch-rate="1" complexity="1">
              <lines>
                <line number="249" hits="0" branch="False" />
                <line number="250" hits="0" branch="False" />
                <line number="251" hits="0" branch="False" />
              </lines>
            </method>
            <method name="sort_apa_by_cost" signature="()" line-rate="0" branch-rate="1" complexity="1">
              <lines>
                <line number="253" hits="0" branch="False" />
                <line number="254" hits="0" branch="False" />
                <line number="255" hits="0" branch="False" />
              </lines>
            </method>
            <method name="add_offer_to_cli" signature="(System.Int32,System.Int32)" line-rate="0.75" branch-rate="0.5" complexity="2">
              <lines>
                <line number="258" hits="1" branch="False" />
                <line number="259" hits="2" branch="True" condition-coverage="50% (1/2)">
                  <conditions>
                    <condition number="46" type="jump" coverage="50%" />
                  </conditions>
                </line>
                <line number="260" hits="1" branch="False" />
                <line number="261" hits="3" branch="False" />
                <line number="262" hits="1" branch="False" />
                <line number="265" hits="0" branch="False" />
                <line number="266" hits="0" branch="False" />
                <line number="268" hits="1" branch="False" />
              </lines>
            </method>
            <method name="see_all_offers" signature="(System.Int32)" line-rate="0.647" branch-rate="0.5" complexity="4">
              <lines>
                <line number="269" hits="2" branch="False" />
                <line number="270" hits="2" branch="False" />
                <line number="271" hits="4" branch="False" />
                <line number="272" hits="2" branch="False" />
                <line number="273" hits="2" branch="True" condition-coverage="50% (1/2)">
                  <conditions>
                    <condition number="61" type="jump" coverage="50%" />
                  </conditions>
                </line>
                <line number="274" hits="2" branch="False" />
                <line number="275" hits="2" branch="False" />
                <line number="276" hits="4" branch="True" condition-coverage="50% (1/2)">
                  <conditions>
                    <condition number="154" type="jump" coverage="50%" />
                  </conditions>
                </line>
                <line number="277" hits="0" branch="False" />
                <line number="278" hits="0" branch="False" />
                <line number="279" hits="0" branch="False" />
                <line number="280" hits="2" branch="False" />
                <line number="281" hits="0" branch="False" />
                <line number="282" hits="0" branch="False" />
                <line number="283" hits="0" branch="False" />
                <line number="284" hits="2" branch="False" />
                <line number="285" hits="2" branch="False" />
              </lines>
            </method>
            <method name="does_takes" signature="(System.Int32,System.Int32)" line-rate="1" branch-rate="1" complexity="1">
              <lines>
                <line number="286" hits="1" branch="False" />
                <line number="287" hits="3" branch="False" />
                <line number="288" hits="1" branch="False" />
              </lines>
            </method>
            <method name="find_cli_by_words" signature="(System.Collections.Generic.List`1&lt;System.String&gt;)" line-rate="0.4" branch-rate="0.1666" complexity="6">
              <lines>
                <line number="290" hits="1" branch="False" />
                <line number="291" hits="3" branch="True" condition-coverage="50% (1/2)">
                  <conditions>
                    <condition number="118" type="jump" coverage="50%" />
                  </conditions>
                </line>
                <line number="292" hits="0" branch="False" />
                <line number="293" hits="0" branch="True" condition-coverage="0% (0/2)">
                  <conditions>
                    <condition number="91" type="jump" coverage="0%" />
                  </conditions>
                </line>
                <line number="294" hits="0" branch="False" />
                <line number="295" hits="0" branch="True" condition-coverage="0% (0/2)">
                  <conditions>
                    <condition number="70" type="jump" coverage="0%" />
                  </conditions>
                </line>
                <line number="296" hits="0" branch="False" />
                <line number="297" hits="0" branch="False" />
                <line number="298" hits="1" branch="False" />
                <line number="299" hits="1" branch="False" />
              </lines>
            </method>
            <method name="find_apa_by_words" signature="(System.Collections.Generic.List`1&lt;System.String&gt;)" line-rate="0.7" branch-rate="0.5" complexity="6">
              <lines>
                <line number="300" hits="1" branch="False" />
                <line number="301" hits="4" branch="True" condition-coverage="50% (1/2)">
                  <conditions>
                    <condition number="118" type="jump" coverage="50%" />
                  </conditions>
                </line>
                <line number="302" hits="1" branch="False" />
                <line number="303" hits="4" branch="True" condition-coverage="50% (1/2)">
                  <conditions>
                    <condition number="91" type="jump" coverage="50%" />
                  </conditions>
                </line>
                <line number="304" hits="1" branch="False" />
                <line number="305" hits="3" branch="True" condition-coverage="50% (1/2)">
                  <conditions>
                    <condition number="70" type="jump" coverage="50%" />
                  </conditions>
                </line>
                <line number="306" hits="0" branch="False" />
                <line number="307" hits="0" branch="False" />
                <line number="308" hits="0" branch="False" />
                <line number="309" hits="1" branch="False" />
              </lines>
            </method>
            <method name="find_by_words" signature="(System.Collections.Generic.List`1&lt;System.String&gt;)" line-rate="0.7142000000000001" branch-rate="0.25" complexity="4">
              <lines>
                <line number="310" hits="1" branch="False" />
                <line number="311" hits="1" branch="False" />
                <line number="312" hits="1" branch="False" />
                <line number="313" hits="3" branch="True" condition-coverage="50% (1/2)">
                  <conditions>
                    <condition number="26" type="jump" coverage="50%" />
                  </conditions>
                </line>
                <line number="314" hits="0" branch="True" condition-coverage="0% (0/2)">
                  <conditions>
                    <condition number="59" type="jump" coverage="0%" />
                  </conditions>
                </line>
                <line number="315" hits="0" branch="False" />
                <line number="316" hits="1" branch="False" />
              </lines>
            </method>
            <method name="find_by_surname_bedr" signature="(System.String,System.Int32)" line-rate="0" branch-rate="0" complexity="6">
              <lines>
                <line number="317" hits="0" branch="False" />
                <line number="318" hits="0" branch="True" condition-coverage="0% (0/2)">
                  <conditions>
                    <condition number="83" type="jump" coverage="0%" />
                  </conditions>
                </line>
                <line number="319" hits="0" branch="False" />
                <line number="320" hits="0" branch="True" condition-coverage="0% (0/4)">
                  <conditions>
                    <condition number="37" type="jump" coverage="0%" />
                    <condition number="63" type="jump" coverage="0%" />
                  </conditions>
                </line>
                <line number="321" hits="0" branch="False" />
                <line number="323" hits="0" branch="False" />
                <line number="325" hits="0" branch="False" />
                <line number="326" hits="0" branch="False" />
                <line number="327" hits="0" branch="False" />
              </lines>
            </method>
            <method name=".ctor" signature="()" line-rate="1" branch-rate="1" complexity="1">
              <lines>
                <line number="10" hits="20" branch="False" />
                <line number="11" hits="20" branch="False" />
                <line number="16" hits="20" branch="False" />
                <line number="17" hits="20" branch="False" />
                <line number="18" hits="20" branch="False" />
                <line number="19" hits="20" branch="False" />
                <line number="20" hits="20" branch="False" />
              </lines>
            </method>
          </methods>
          <lines>
            <line number="22" hits="0" branch="False" />
            <line number="23" hits="0" branch="False" />
            <line number="24" hits="0" branch="False" />
            <line number="25" hits="0" branch="False" />
            <line number="28" hits="13" branch="False" />
            <line number="29" hits="13" branch="False" />
            <line number="30" hits="13" branch="False" />
            <line number="31" hits="13" branch="False" />
            <line number="33" hits="1" branch="False" />
            <line number="34" hits="4" branch="True" condition-coverage="50% (1/2)">
              <conditions>
                <condition number="50" type="jump" coverage="50%" />
              </conditions>
            </line>
            <line number="36" hits="0" branch="False" />
            <line number="37" hits="0" branch="False" />
            <line number="40" hits="1" branch="False" />
            <line number="43" hits="3" branch="False" />
            <line number="44" hits="6" branch="False" />
            <line number="45" hits="3" branch="False" />
            <line number="46" hits="1" branch="False" />
            <line number="47" hits="2" branch="True" condition-coverage="50% (1/2)">
              <conditions>
                <condition number="39" type="jump" coverage="50%" />
              </conditions>
            </line>
            <line number="48" hits="1" branch="False" />
            <line number="49" hits="2" branch="False" />
            <line number="50" hits="1" branch="False" />
            <line number="53" hits="0" branch="False" />
            <line number="54" hits="0" branch="False" />
            <line number="56" hits="1" branch="False" />
            <line number="58" hits="1" branch="False" />
            <line number="59" hits="2" branch="True" condition-coverage="50% (1/2)">
              <conditions>
                <condition number="46" type="jump" coverage="50%" />
              </conditions>
            </line>
            <line number="60" hits="1" branch="False" />
            <line number="61" hits="3" branch="False" />
            <line number="62" hits="1" branch="False" />
            <line number="65" hits="0" branch="False" />
            <line number="66" hits="0" branch="False" />
            <line number="68" hits="1" branch="False" />
            <line number="69" hits="1" branch="False" />
            <line number="70" hits="2" branch="True" condition-coverage="50% (1/2)">
              <conditions>
                <condition number="39" type="jump" coverage="50%" />
              </conditions>
            </line>
            <line number="71" hits="0" branch="False" />
            <line number="72" hits="0" branch="False" />
            <line number="73" hits="0" branch="False" />
            <line number="76" hits="1" branch="False" />
            <line number="77" hits="1" branch="False" />
            <line number="79" hits="1" branch="False" />
            <line number="81" hits="1" branch="False" />
            <line number="82" hits="2" branch="True" condition-coverage="50% (1/2)">
              <conditions>
                <condition number="39" type="jump" coverage="50%" />
              </conditions>
            </line>
            <line number="83" hits="1" branch="False" />
            <line number="84" hits="2" branch="False" />
            <line number="85" hits="1" branch="False" />
            <line number="88" hits="0" branch="False" />
            <line number="89" hits="0" branch="False" />
            <line number="91" hits="1" branch="False" />
            <line number="93" hits="1" branch="False" />
            <line number="94" hits="2" branch="True" condition-coverage="50% (1/2)">
              <conditions>
                <condition number="39" type="jump" coverage="50%" />
              </conditions>
            </line>
            <line number="95" hits="1" branch="False" />
            <line number="96" hits="2" branch="False" />
            <line number="97" hits="2" branch="False" />
            <line number="100" hits="0" branch="False" />
            <line number="101" hits="0" branch="False" />
            <line number="103" hits="1" branch="False" />
            <line number="105" hits="1" branch="False" />
            <line number="106" hits="2" branch="True" condition-coverage="50% (1/2)">
              <conditions>
                <condition number="39" type="jump" coverage="50%" />
              </conditions>
            </line>
            <line number="107" hits="1" branch="False" />
            <line number="108" hits="2" branch="False" />
            <line number="109" hits="2" branch="False" />
            <line number="112" hits="0" branch="False" />
            <line number="113" hits="0" branch="False" />
            <line number="115" hits="1" branch="False" />
            <line number="116" hits="1" branch="False" />
            <line number="117" hits="2" branch="True" condition-coverage="50% (1/2)">
              <conditions>
                <condition number="39" type="jump" coverage="50%" />
              </conditions>
            </line>
            <line number="118" hits="1" branch="False" />
            <line number="119" hits="2" branch="False" />
            <line number="120" hits="2" branch="False" />
            <line number="123" hits="0" branch="False" />
            <line number="124" hits="0" branch="False" />
            <line number="126" hits="1" branch="False" />
            <line number="127" hits="1" branch="False" />
            <line number="128" hits="2" branch="False" />
            <line number="129" hits="1" branch="False" />
            <line number="130" hits="1" branch="True" condition-coverage="50% (2/4)">
              <conditions>
                <condition number="50" type="jump" coverage="50%" />
                <condition number="66" type="jump" coverage="50%" />
              </conditions>
            </line>
            <line number="131" hits="1" branch="False" />
            <line number="132" hits="1" branch="False" />
            <line number="135" hits="0" branch="False" />
            <line number="136" hits="0" branch="True" condition-coverage="0% (0/2)">
              <conditions>
                <condition number="155" type="jump" coverage="0%" />
              </conditions>
            </line>
            <line number="137" hits="0" branch="False" />
            <line number="138" hits="0" branch="True" condition-coverage="0% (0/2)">
              <conditions>
                <condition number="134" type="jump" coverage="0%" />
              </conditions>
            </line>
            <line number="139" hits="0" branch="False" />
            <line number="140" hits="0" branch="False" />
            <line number="141" hits="0" branch="False" />
            <line number="142" hits="0" branch="False" />
            <line number="143" hits="0" branch="True" condition-coverage="0% (0/2)">
              <conditions>
                <condition number="212" type="jump" coverage="0%" />
              </conditions>
            </line>
            <line number="144" hits="0" branch="False" />
            <line number="145" hits="0" branch="False" />
            <line number="146" hits="0" branch="False" />
            <line number="147" hits="0" branch="False" />
            <line number="149" hits="1" branch="False" />
            <line number="151" hits="2" branch="False" />
            <line number="152" hits="4" branch="False" />
            <line number="153" hits="2" branch="False" />
            <line number="154" hits="0" branch="False" />
            <line number="155" hits="0" branch="False" />
            <line number="156" hits="0" branch="True" condition-coverage="0% (0/2)">
              <conditions>
                <condition number="116" type="jump" coverage="0%" />
              </conditions>
            </line>
            <line number="157" hits="0" branch="False" />
            <line number="158" hits="0" branch="False" />
            <line number="159" hits="0" branch="False" />
            <line number="160" hits="0" branch="False" />
            <line number="161" hits="0" branch="False" />
            <line number="164" hits="0" branch="False" />
            <line number="165" hits="0" branch="False" />
            <line number="166" hits="0" branch="False" />
            <line number="168" hits="0" branch="False" />
            <line number="169" hits="0" branch="False" />
            <line number="170" hits="0" branch="False" />
            <line number="172" hits="0" branch="False" />
            <line number="173" hits="0" branch="False" />
            <line number="174" hits="0" branch="False" />
            <line number="176" hits="10" branch="False" />
            <line number="177" hits="10" branch="False" />
            <line number="178" hits="10" branch="False" />
            <line number="179" hits="10" branch="False" />
            <line number="180" hits="1" branch="False" />
            <line number="181" hits="4" branch="True" condition-coverage="50% (1/2)">
              <conditions>
                <condition number="50" type="jump" coverage="50%" />
              </conditions>
            </line>
            <line number="183" hits="0" branch="False" />
            <line number="184" hits="0" branch="False" />
            <line number="186" hits="1" branch="False" />
            <line number="188" hits="1" branch="False" />
            <line number="189" hits="2" branch="True" condition-coverage="50% (1/2)">
              <conditions>
                <condition number="39" type="jump" coverage="50%" />
              </conditions>
            </line>
            <line number="190" hits="1" branch="False" />
            <line number="191" hits="2" branch="False" />
            <line number="192" hits="1" branch="False" />
            <line number="195" hits="0" branch="False" />
            <line number="196" hits="0" branch="False" />
            <line number="198" hits="1" branch="False" />
            <line number="200" hits="1" branch="False" />
            <line number="201" hits="2" branch="True" condition-coverage="50% (1/2)">
              <conditions>
                <condition number="39" type="jump" coverage="50%" />
              </conditions>
            </line>
            <line number="202" hits="1" branch="False" />
            <line number="203" hits="2" branch="False" />
            <line number="204" hits="1" branch="False" />
            <line number="207" hits="0" branch="False" />
            <line number="208" hits="0" branch="False" />
            <line number="210" hits="1" branch="False" />
            <line number="212" hits="1" branch="False" />
            <line number="213" hits="2" branch="True" condition-coverage="50% (1/2)">
              <conditions>
                <condition number="39" type="jump" coverage="50%" />
              </conditions>
            </line>
            <line number="214" hits="1" branch="False" />
            <line number="215" hits="2" branch="False" />
            <line number="216" hits="1" branch="False" />
            <line number="219" hits="0" branch="False" />
            <line number="220" hits="0" branch="False" />
            <line number="222" hits="1" branch="False" />
            <line number="223" hits="0" branch="False" />
            <line number="224" hits="0" branch="False" />
            <line number="225" hits="0" branch="False" />
            <line number="227" hits="0" branch="False" />
            <line number="228" hits="0" branch="False" />
            <line number="229" hits="0" branch="False" />
            <line number="231" hits="0" branch="False" />
            <line number="232" hits="0" branch="False" />
            <line number="233" hits="0" branch="False" />
            <line number="236" hits="11" branch="False" />
            <line number="237" hits="22" branch="False" />
            <line number="238" hits="11" branch="False" />
            <line number="240" hits="0" branch="False" />
            <line number="241" hits="0" branch="False" />
            <line number="242" hits="0" branch="True" condition-coverage="0% (0/2)">
              <conditions>
                <condition number="78" type="jump" coverage="0%" />
              </conditions>
            </line>
            <line number="243" hits="0" branch="False" />
            <line number="244" hits="0" branch="False" />
            <line number="245" hits="0" branch="False" />
            <line number="246" hits="0" branch="False" />
            <line number="247" hits="0" branch="False" />
            <line number="249" hits="0" branch="False" />
            <line number="250" hits="0" branch="False" />
            <line number="251" hits="0" branch="False" />
            <line number="253" hits="0" branch="False" />
            <line number="254" hits="0" branch="False" />
            <line number="255" hits="0" branch="False" />
            <line number="258" hits="1" branch="False" />
            <line number="259" hits="2" branch="True" condition-coverage="50% (1/2)">
              <conditions>
                <condition number="46" type="jump" coverage="50%" />
              </conditions>
            </line>
            <line number="260" hits="1" branch="False" />
            <line number="261" hits="3" branch="False" />
            <line number="262" hits="1" branch="False" />
            <line number="265" hits="0" branch="False" />
            <line number="266" hits="0" branch="False" />
            <line number="268" hits="1" branch="False" />
            <line number="269" hits="2" branch="False" />
            <line number="270" hits="2" branch="False" />
            <line number="271" hits="4" branch="False" />
            <line number="272" hits="2" branch="False" />
            <line number="273" hits="2" branch="True" condition-coverage="50% (1/2)">
              <conditions>
                <condition number="61" type="jump" coverage="50%" />
              </conditions>
            </line>
            <line number="274" hits="2" branch="False" />
            <line number="275" hits="2" branch="False" />
            <line number="276" hits="4" branch="True" condition-coverage="50% (1/2)">
              <conditions>
                <condition number="154" type="jump" coverage="50%" />
              </conditions>
            </line>
            <line number="277" hits="0" branch="False" />
            <line number="278" hits="0" branch="False" />
            <line number="279" hits="0" branch="False" />
            <line number="280" hits="2" branch="False" />
            <line number="281" hits="0" branch="False" />
            <line number="282" hits="0" branch="False" />
            <line number="283" hits="0" branch="False" />
            <line number="284" hits="2" branch="False" />
            <line number="285" hits="2" branch="False" />
            <line number="286" hits="1" branch="False" />
            <line number="287" hits="3" branch="False" />
            <line number="288" hits="1" branch="False" />
            <line number="290" hits="1" branch="False" />
            <line number="291" hits="3" branch="True" condition-coverage="50% (1/2)">
              <conditions>
                <condition number="118" type="jump" coverage="50%" />
              </conditions>
            </line>
            <line number="292" hits="0" branch="False" />
            <line number="293" hits="0" branch="True" condition-coverage="0% (0/2)">
              <conditions>
                <condition number="91" type="jump" coverage="0%" />
              </conditions>
            </line>
            <line number="294" hits="0" branch="False" />
            <line number="295" hits="0" branch="True" condition-coverage="0% (0/2)">
              <conditions>
                <condition number="70" type="jump" coverage="0%" />
              </conditions>
            </line>
            <line number="296" hits="0" branch="False" />
            <line number="297" hits="0" branch="False" />
            <line number="298" hits="1" branch="False" />
            <line number="299" hits="1" branch="False" />
            <line number="300" hits="1" branch="False" />
            <line number="301" hits="4" branch="True" condition-coverage="50% (1/2)">
              <conditions>
                <condition number="118" type="jump" coverage="50%" />
              </conditions>
            </line>
            <line number="302" hits="1" branch="False" />
            <line number="303" hits="4" branch="True" condition-coverage="50% (1/2)">
              <conditions>
                <condition number="91" type="jump" coverage="50%" />
              </conditions>
            </line>
            <line number="304" hits="1" branch="False" />
            <line number="305" hits="3" branch="True" condition-coverage="50% (1/2)">
              <conditions>
                <condition number="70" type="jump" coverage="50%" />
              </conditions>
            </line>
            <line number="306" hits="0" branch="False" />
            <line number="307" hits="0" branch="False" />
            <line number="308" hits="0" branch="False" />
            <line number="309" hits="1" branch="False" />
            <line number="310" hits="1" branch="False" />
            <line number="311" hits="1" branch="False" />
            <line number="312" hits="1" branch="False" />
            <line number="313" hits="3" branch="True" condition-coverage="50% (1/2)">
              <conditions>
                <condition number="26" type="jump" coverage="50%" />
              </conditions>
            </line>
            <line number="314" hits="0" branch="True" condition-coverage="0% (0/2)">
              <conditions>
                <condition number="59" type="jump" coverage="0%" />
              </conditions>
            </line>
            <line number="315" hits="0" branch="False" />
            <line number="316" hits="1" branch="False" />
            <line number="317" hits="0" branch="False" />
            <line number="318" hits="0" branch="True" condition-coverage="0% (0/2)">
              <conditions>
                <condition number="83" type="jump" coverage="0%" />
              </conditions>
            </line>
            <line number="319" hits="0" branch="False" />
            <line number="320" hits="0" branch="True" condition-coverage="0% (0/4)">
              <conditions>
                <condition number="37" type="jump" coverage="0%" />
                <condition number="63" type="jump" coverage="0%" />
              </conditions>
            </line>
            <line number="321" hits="0" branch="False" />
            <line number="323" hits="0" branch="False" />
            <line number="325" hits="0" branch="False" />
            <line number="326" hits="0" branch="False" />
            <line number="327" hits="0" branch="False" />
            <line number="10" hits="20" branch="False" />
            <line number="11" hits="20" branch="False" />
            <line number="16" hits="20" branch="False" />
            <line number="17" hits="20" branch="False" />
            <line number="18" hits="20" branch="False" />
            <line number="19" hits="20" branch="False" />
            <line number="20" hits="20" branch="False" />
          </lines>
        </class>
      </classes>
    </package>
    <package name="DAL" line-rate="0.7784" branch-rate="0.5832999999999999" complexity="57">
      <classes>
        <class name="DAL.EntityContext`1" filename="DAL\EntityContext.cs" line-rate="0.5714" branch-rate="0.625" complexity="8">
          <methods>
            <method name="Write" signature="(System.Collections.Generic.List`1&lt;T&gt;)" line-rate="0" branch-rate="0" complexity="2">
              <lines>
                <line number="30" hits="0" branch="False" />
                <line number="31" hits="0" branch="False" />
                <line number="33" hits="0" branch="True" condition-coverage="0% (0/2)">
                  <conditions>
                    <condition number="49" type="jump" coverage="0%" />
                  </conditions>
                </line>
                <line number="34" hits="0" branch="False" />
                <line number="35" hits="0" branch="False" />
                <line number="36" hits="0" branch="False" />
                <line number="38" hits="0" branch="False" />
                <line number="40" hits="0" branch="False" />
                <line number="41" hits="0" branch="False" />
                <line number="42" hits="0" branch="False" />
                <line number="43" hits="0" branch="False" />
                <line number="44" hits="0" branch="False" />
              </lines>
            </method>
            <method name="Read" signature="()" line-rate="0.7272" branch-rate="0.5" complexity="2">
              <lines>
                <line number="46" hits="40" branch="False" />
                <line number="47" hits="40" branch="False" />
                <line number="49" hits="40" branch="False" />
                <line number="51" hits="40" branch="True" condition-coverage="50% (1/2)">
                  <conditions>
                    <condition number="65" type="jump" coverage="50%" />
                  </conditions>
                </line>
                <line number="52" hits="40" branch="False" />
                <line number="54" hits="40" branch="False" />
                <line number="55" hits="40" branch="False" />
                <line number="58" hits="0" branch="False" />
                <line number="59" hits="0" branch="False" />
                <line number="60" hits="0" branch="False" />
                <line number="62" hits="40" branch="False" />
              </lines>
            </method>
            <method name=".ctor" signature="()" line-rate="1" branch-rate="1" complexity="4">
              <lines>
                <line number="17" hits="40" branch="False" />
                <line number="18" hits="40" branch="False" />
                <line number="19" hits="40" branch="False" />
                <line number="20" hits="40" branch="True" condition-coverage="100% (2/2)">
                  <conditions>
                    <condition number="46" type="jump" coverage="100%" />
                  </conditions>
                </line>
                <line number="21" hits="20" branch="False" />
                <line number="22" hits="20" branch="False" />
                <line number="23" hits="20" branch="False" />
                <line number="24" hits="40" branch="True" condition-coverage="100% (2/2)">
                  <conditions>
                    <condition number="88" type="jump" coverage="100%" />
                  </conditions>
                </line>
                <line number="25" hits="20" branch="False" />
                <line number="26" hits="20" branch="False" />
                <line number="27" hits="20" branch="False" />
                <line number="28" hits="40" branch="False" />
              </lines>
            </method>
          </methods>
          <lines>
            <line number="30" hits="0" branch="False" />
            <line number="31" hits="0" branch="False" />
            <line number="33" hits="0" branch="True" condition-coverage="0% (0/2)">
              <conditions>
                <condition number="49" type="jump" coverage="0%" />
              </conditions>
            </line>
            <line number="34" hits="0" branch="False" />
            <line number="35" hits="0" branch="False" />
            <line number="36" hits="0" branch="False" />
            <line number="38" hits="0" branch="False" />
            <line number="40" hits="0" branch="False" />
            <line number="41" hits="0" branch="False" />
            <line number="42" hits="0" branch="False" />
            <line number="43" hits="0" branch="False" />
            <line number="44" hits="0" branch="False" />
            <line number="46" hits="40" branch="False" />
            <line number="47" hits="40" branch="False" />
            <line number="49" hits="40" branch="False" />
            <line number="51" hits="40" branch="True" condition-coverage="50% (1/2)">
              <conditions>
                <condition number="65" type="jump" coverage="50%" />
              </conditions>
            </line>
            <line number="52" hits="40" branch="False" />
            <line number="54" hits="40" branch="False" />
            <line number="55" hits="40" branch="False" />
            <line number="58" hits="0" branch="False" />
            <line number="59" hits="0" branch="False" />
            <line number="60" hits="0" branch="False" />
            <line number="62" hits="40" branch="False" />
            <line number="17" hits="40" branch="False" />
            <line number="18" hits="40" branch="False" />
            <line number="19" hits="40" branch="False" />
            <line number="20" hits="40" branch="True" condition-coverage="100% (2/2)">
              <conditions>
                <condition number="46" type="jump" coverage="100%" />
              </conditions>
            </line>
            <line number="21" hits="20" branch="False" />
            <line number="22" hits="20" branch="False" />
            <line number="23" hits="20" branch="False" />
            <line number="24" hits="40" branch="True" condition-coverage="100% (2/2)">
              <conditions>
                <condition number="88" type="jump" coverage="100%" />
              </conditions>
            </line>
            <line number="25" hits="20" branch="False" />
            <line number="26" hits="20" branch="False" />
            <line number="27" hits="20" branch="False" />
            <line number="28" hits="40" branch="False" />
          </lines>
        </class>
        <class name="DAL.Entities.Сlient" filename="DAL\Entities\Client.cs" line-rate="0.7454000000000001" branch-rate="0.5" complexity="22">
          <methods>
            <method name="set_ID" signature="(System.Int32)" line-rate="1" branch-rate="1" complexity="1">
              <lines>
                <line number="9" hits="44" branch="False" />
              </lines>
            </method>
            <method name="set_name" signature="(System.String)" line-rate="1" branch-rate="1" complexity="1">
              <lines>
                <line number="10" hits="15" branch="False" />
              </lines>
            </method>
            <method name="set_surname" signature="(System.String)" line-rate="1" branch-rate="1" complexity="1">
              <lines>
                <line number="11" hits="16" branch="False" />
              </lines>
            </method>
            <method name="set_bank_account" signature="(System.Int32)" line-rate="1" branch-rate="1" complexity="1">
              <lines>
                <line number="12" hits="17" branch="False" />
              </lines>
            </method>
            <method name="set_bank_account_balance" signature="(System.Int32)" line-rate="1" branch-rate="1" complexity="1">
              <lines>
                <line number="13" hits="17" branch="False" />
              </lines>
            </method>
            <method name="set_prefearings" signature="(DAL.Entities.Preferences)" line-rate="1" branch-rate="1" complexity="1">
              <lines>
                <line number="14" hits="41" branch="False" />
              </lines>
            </method>
            <method name="set_add_info" signature="(System.String)" line-rate="1" branch-rate="1" complexity="1">
              <lines>
                <line number="15" hits="17" branch="False" />
              </lines>
            </method>
            <method name="set_rented_apartment" signature="(DAL.Entities.Flat)" line-rate="1" branch-rate="1" complexity="1">
              <lines>
                <line number="16" hits="16" branch="False" />
              </lines>
            </method>
            <method name="get_offers" signature="()" line-rate="1" branch-rate="1" complexity="1">
              <lines>
                <line number="17" hits="17" branch="False" />
              </lines>
            </method>
            <method name="is_likes_suits" signature="(DAL.Entities.Flat)" line-rate="0.8" branch-rate="0.5" complexity="10">
              <lines>
                <line number="43" hits="1" branch="False" />
                <line number="44" hits="1" branch="True" condition-coverage="50% (4/8)">
                  <conditions>
                    <condition number="23" type="jump" coverage="50%" />
                    <condition number="47" type="jump" coverage="50%" />
                    <condition number="71" type="jump" coverage="50%" />
                    <condition number="95" type="jump" coverage="50%" />
                  </conditions>
                </line>
                <line number="45" hits="1" branch="False" />
                <line number="46" hits="1" branch="False" />
                <line number="47" hits="1" branch="True" condition-coverage="50% (1/2)">
                  <conditions>
                    <condition number="126" type="jump" coverage="50%" />
                  </conditions>
                </line>
                <line number="48" hits="1" branch="False" />
                <line number="49" hits="1" branch="False" />
                <line number="52" hits="0" branch="False" />
                <line number="53" hits="0" branch="False" />
                <line number="55" hits="1" branch="False" />
              </lines>
            </method>
            <method name="ToString" signature="()" line-rate="1" branch-rate="1" complexity="1">
              <lines>
                <line number="57" hits="2" branch="False" />
                <line number="58" hits="2" branch="False" />
                <line number="59" hits="2" branch="False" />
                <line number="60" hits="2" branch="False" />
                <line number="61" hits="2" branch="False" />
                <line number="62" hits="2" branch="False" />
                <line number="63" hits="2" branch="False" />
                <line number="64" hits="2" branch="False" />
                <line number="65" hits="2" branch="False" />
                <line number="66" hits="2" branch="False" />
                <line number="67" hits="2" branch="False" />
                <line number="68" hits="2" branch="False" />
              </lines>
            </method>
            <method name=".ctor" signature="(System.Int32,System.String,System.String,System.Int32,System.Int32,System.String)" line-rate="1" branch-rate="1" complexity="1">
              <lines>
                <line number="18" hits="13" branch="False" />
                <line number="19" hits="13" branch="False" />
                <line number="20" hits="13" branch="False" />
                <line number="21" hits="13" branch="False" />
                <line number="22" hits="13" branch="False" />
                <line number="23" hits="13" branch="False" />
                <line number="24" hits="13" branch="False" />
                <line number="25" hits="13" branch="False" />
                <line number="26" hits="13" branch="False" />
                <line number="27" hits="13" branch="False" />
                <line number="28" hits="13" branch="False" />
                <line number="29" hits="13" branch="False" />
              </lines>
            </method>
            <method name=".ctor" signature="()" line-rate="0" branch-rate="1" complexity="1">
              <lines>
                <line number="30" hits="0" branch="False" />
                <line number="31" hits="0" branch="False" />
                <line number="32" hits="0" branch="False" />
                <line number="33" hits="0" branch="False" />
                <line number="34" hits="0" branch="False" />
                <line number="35" hits="0" branch="False" />
                <line number="36" hits="0" branch="False" />
                <line number="37" hits="0" branch="False" />
                <line number="38" hits="0" branch="False" />
                <line number="39" hits="0" branch="False" />
                <line number="40" hits="0" branch="False" />
                <line number="41" hits="0" branch="False" />
              </lines>
            </method>
          </methods>
          <lines>
            <line number="9" hits="44" branch="False" />
            <line number="10" hits="15" branch="False" />
            <line number="11" hits="16" branch="False" />
            <line number="12" hits="17" branch="False" />
            <line number="13" hits="17" branch="False" />
            <line number="14" hits="41" branch="False" />
            <line number="15" hits="17" branch="False" />
            <line number="16" hits="16" branch="False" />
            <line number="17" hits="17" branch="False" />
            <line number="43" hits="1" branch="False" />
            <line number="44" hits="1" branch="True" condition-coverage="50% (4/8)">
              <conditions>
                <condition number="23" type="jump" coverage="50%" />
                <condition number="47" type="jump" coverage="50%" />
                <condition number="71" type="jump" coverage="50%" />
                <condition number="95" type="jump" coverage="50%" />
              </conditions>
            </line>
            <line number="45" hits="1" branch="False" />
            <line number="46" hits="1" branch="False" />
            <line number="47" hits="1" branch="True" condition-coverage="50% (1/2)">
              <conditions>
                <condition number="126" type="jump" coverage="50%" />
              </conditions>
            </line>
            <line number="48" hits="1" branch="False" />
            <line number="49" hits="1" branch="False" />
            <line number="52" hits="0" branch="False" />
            <line number="53" hits="0" branch="False" />
            <line number="55" hits="1" branch="False" />
            <line number="57" hits="2" branch="False" />
            <line number="58" hits="2" branch="False" />
            <line number="59" hits="2" branch="False" />
            <line number="60" hits="2" branch="False" />
            <line number="61" hits="2" branch="False" />
            <line number="62" hits="2" branch="False" />
            <line number="63" hits="2" branch="False" />
            <line number="64" hits="2" branch="False" />
            <line number="65" hits="2" branch="False" />
            <line number="66" hits="2" branch="False" />
            <line number="67" hits="2" branch="False" />
            <line number="68" hits="2" branch="False" />
            <line number="18" hits="13" branch="False" />
            <line number="19" hits="13" branch="False" />
            <line number="20" hits="13" branch="False" />
            <line number="21" hits="13" branch="False" />
            <line number="22" hits="13" branch="False" />
            <line number="23" hits="13" branch="False" />
            <line number="24" hits="13" branch="False" />
            <line number="25" hits="13" branch="False" />
            <line number="26" hits="13" branch="False" />
            <line number="27" hits="13" branch="False" />
            <line number="28" hits="13" branch="False" />
            <line number="29" hits="13" branch="False" />
            <line number="30" hits="0" branch="False" />
            <line number="31" hits="0" branch="False" />
            <line number="32" hits="0" branch="False" />
            <line number="33" hits="0" branch="False" />
            <line number="34" hits="0" branch="False" />
            <line number="35" hits="0" branch="False" />
            <line number="36" hits="0" branch="False" />
            <line number="37" hits="0" branch="False" />
            <line number="38" hits="0" branch="False" />
            <line number="39" hits="0" branch="False" />
            <line number="40" hits="0" branch="False" />
            <line number="41" hits="0" branch="False" />
          </lines>
        </class>
        <class name="DAL.Entities.Flat" filename="DAL\Entities\Flat.cs" line-rate="1" branch-rate="1" complexity="10">
          <methods>
            <method name="set_ID" signature="(System.Int32)" line-rate="1" branch-rate="1" complexity="1">
              <lines>
                <line number="9" hits="58" branch="False" />
              </lines>
            </method>
            <method name="set_cost" signature="(System.Int32)" line-rate="1" branch-rate="1" complexity="1">
              <lines>
                <line number="10" hits="36" branch="False" />
              </lines>
            </method>
            <method name="set_bedroom_n" signature="(System.Int32)" line-rate="1" branch-rate="1" complexity="1">
              <lines>
                <line number="11" hits="36" branch="False" />
              </lines>
            </method>
            <method name="set_furnitering_level" signature="(System.Int32)" line-rate="1" branch-rate="1" complexity="1">
              <lines>
                <line number="12" hits="36" branch="False" />
              </lines>
            </method>
            <method name="set_proxim_to_center" signature="(System.Int32)" line-rate="1" branch-rate="1" complexity="1">
              <lines>
                <line number="13" hits="35" branch="False" />
              </lines>
            </method>
            <method name="set_private_plot" signature="(System.Int32)" line-rate="1" branch-rate="1" complexity="1">
              <lines>
                <line number="14" hits="35" branch="False" />
              </lines>
            </method>
            <method name="set_add_info" signature="(System.String)" line-rate="1" branch-rate="1" complexity="1">
              <lines>
                <line number="15" hits="35" branch="False" />
              </lines>
            </method>
            <method name="ToString" signature="()" line-rate="1" branch-rate="1" complexity="1">
              <lines>
                <line number="37" hits="11" branch="False" />
                <line number="38" hits="11" branch="False" />
                <line number="39" hits="11" branch="False" />
                <line number="40" hits="11" branch="False" />
                <line number="41" hits="11" branch="False" />
                <line number="42" hits="11" branch="False" />
                <line number="43" hits="11" branch="False" />
                <line number="44" hits="11" branch="False" />
                <line number="45" hits="11" branch="False" />
              </lines>
            </method>
            <method name=".ctor" signature="(System.Int32,System.Int32,System.Int32,System.Int32,System.Int32,System.Int32,System.String)" line-rate="1" branch-rate="1" complexity="1">
              <lines>
                <line number="16" hits="10" branch="False" />
                <line number="17" hits="10" branch="False" />
                <line number="18" hits="10" branch="False" />
                <line number="19" hits="10" branch="False" />
                <line number="20" hits="10" branch="False" />
                <line number="21" hits="10" branch="False" />
                <line number="22" hits="10" branch="False" />
                <line number="23" hits="10" branch="False" />
                <line number="24" hits="10" branch="False" />
                <line number="25" hits="10" branch="False" />
              </lines>
            </method>
            <method name=".ctor" signature="()" line-rate="1" branch-rate="1" complexity="1">
              <lines>
                <line number="26" hits="13" branch="False" />
                <line number="27" hits="13" branch="False" />
                <line number="28" hits="13" branch="False" />
                <line number="29" hits="13" branch="False" />
                <line number="30" hits="13" branch="False" />
                <line number="31" hits="13" branch="False" />
                <line number="32" hits="13" branch="False" />
                <line number="33" hits="13" branch="False" />
                <line number="34" hits="13" branch="False" />
                <line number="35" hits="13" branch="False" />
              </lines>
            </method>
          </methods>
          <lines>
            <line number="9" hits="58" branch="False" />
            <line number="10" hits="36" branch="False" />
            <line number="11" hits="36" branch="False" />
            <line number="12" hits="36" branch="False" />
            <line number="13" hits="35" branch="False" />
            <line number="14" hits="35" branch="False" />
            <line number="15" hits="35" branch="False" />
            <line number="37" hits="11" branch="False" />
            <line number="38" hits="11" branch="False" />
            <line number="39" hits="11" branch="False" />
            <line number="40" hits="11" branch="False" />
            <line number="41" hits="11" branch="False" />
            <line number="42" hits="11" branch="False" />
            <line number="43" hits="11" branch="False" />
            <line number="44" hits="11" branch="False" />
            <line number="45" hits="11" branch="False" />
            <line number="16" hits="10" branch="False" />
            <line number="17" hits="10" branch="False" />
            <line number="18" hits="10" branch="False" />
            <line number="19" hits="10" branch="False" />
            <line number="20" hits="10" branch="False" />
            <line number="21" hits="10" branch="False" />
            <line number="22" hits="10" branch="False" />
            <line number="23" hits="10" branch="False" />
            <line number="24" hits="10" branch="False" />
            <line number="25" hits="10" branch="False" />
            <line number="26" hits="13" branch="False" />
            <line number="27" hits="13" branch="False" />
            <line number="28" hits="13" branch="False" />
            <line number="29" hits="13" branch="False" />
            <line number="30" hits="13" branch="False" />
            <line number="31" hits="13" branch="False" />
            <line number="32" hits="13" branch="False" />
            <line number="33" hits="13" branch="False" />
            <line number="34" hits="13" branch="False" />
            <line number="35" hits="13" branch="False" />
          </lines>
        </class>
        <class name="DAL.Entities.MyRange" filename="DAL\Entities\MyRange.cs" line-rate="0.625" branch-rate="0.5" complexity="6">
          <methods>
            <method name="isWithin" signature="(System.Int32)" line-rate="0.8332999999999999" branch-rate="0.5" complexity="4">
              <lines>
                <line number="21" hits="5" branch="False" />
                <line number="22" hits="5" branch="True" condition-coverage="50% (2/4)">
                  <conditions>
                    <condition number="8" type="jump" coverage="50%" />
                    <condition number="27" type="jump" coverage="50%" />
                  </conditions>
                </line>
                <line number="23" hits="5" branch="False" />
                <line number="24" hits="5" branch="False" />
                <line number="26" hits="0" branch="False" />
                <line number="27" hits="5" branch="False" />
              </lines>
            </method>
            <method name=".ctor" signature="(System.Int32,System.Int32)" line-rate="1" branch-rate="1" complexity="1">
              <lines>
                <line number="11" hits="80" branch="False" />
                <line number="12" hits="80" branch="False" />
                <line number="13" hits="80" branch="False" />
                <line number="14" hits="80" branch="False" />
                <line number="15" hits="80" branch="False" />
              </lines>
            </method>
            <method name=".ctor" signature="()" line-rate="0" branch-rate="1" complexity="1">
              <lines>
                <line number="16" hits="0" branch="False" />
                <line number="17" hits="0" branch="False" />
                <line number="18" hits="0" branch="False" />
                <line number="19" hits="0" branch="False" />
                <line number="20" hits="0" branch="False" />
              </lines>
            </method>
          </methods>
          <lines>
            <line number="21" hits="5" branch="False" />
            <line number="22" hits="5" branch="True" condition-coverage="50% (2/4)">
              <conditions>
                <condition number="8" type="jump" coverage="50%" />
                <condition number="27" type="jump" coverage="50%" />
              </conditions>
            </line>
            <line number="23" hits="5" branch="False" />
            <line number="24" hits="5" branch="False" />
            <line number="26" hits="0" branch="False" />
            <line number="27" hits="5" branch="False" />
            <line number="11" hits="80" branch="False" />
            <line number="12" hits="80" branch="False" />
            <line number="13" hits="80" branch="False" />
            <line number="14" hits="80" branch="False" />
            <line number="15" hits="80" branch="False" />
            <line number="16" hits="0" branch="False" />
            <line number="17" hits="0" branch="False" />
            <line number="18" hits="0" branch="False" />
            <line number="19" hits="0" branch="False" />
            <line number="20" hits="0" branch="False" />
          </lines>
        </class>
        <class name="DAL.Entities.Offers_list" filename="DAL\Entities\Offers_list.cs" line-rate="0.6923" branch-rate="1" complexity="4">
          <methods>
            <method name="take_offer" signature="(DAL.Entities.Flat)" line-rate="1" branch-rate="1" complexity="2">
              <lines>
                <line number="11" hits="1" branch="False" />
                <line number="12" hits="1" branch="True" condition-coverage="100% (2/2)">
                  <conditions>
                    <condition number="15" type="jump" coverage="100%" />
                  </conditions>
                </line>
                <line number="13" hits="1" branch="False" />
                <line number="14" hits="1" branch="False" />
                <line number="15" hits="1" branch="False" />
                <line number="16" hits="1" branch="False" />
                <line number="17" hits="1" branch="False" />
              </lines>
            </method>
            <method name="remove_offer" signature="(DAL.Entities.Flat)" line-rate="0" branch-rate="1" complexity="1">
              <lines>
                <line number="18" hits="0" branch="False" />
                <line number="19" hits="0" branch="False" />
                <line number="20" hits="0" branch="False" />
                <line number="21" hits="0" branch="False" />
              </lines>
            </method>
            <method name=".ctor" signature="()" line-rate="1" branch-rate="1" complexity="1">
              <lines>
                <line number="9" hits="15" branch="False" />
                <line number="10" hits="15" branch="False" />
              </lines>
            </method>
          </methods>
          <lines>
            <line number="11" hits="1" branch="False" />
            <line number="12" hits="1" branch="True" condition-coverage="100% (2/2)">
              <conditions>
                <condition number="15" type="jump" coverage="100%" />
              </conditions>
            </line>
            <line number="13" hits="1" branch="False" />
            <line number="14" hits="1" branch="False" />
            <line number="15" hits="1" branch="False" />
            <line number="16" hits="1" branch="False" />
            <line number="17" hits="1" branch="False" />
            <line number="18" hits="0" branch="False" />
            <line number="19" hits="0" branch="False" />
            <line number="20" hits="0" branch="False" />
            <line number="21" hits="0" branch="False" />
            <line number="9" hits="15" branch="False" />
            <line number="10" hits="15" branch="False" />
          </lines>
        </class>
        <class name="DAL.Entities.Preferences" filename="DAL\Entities\Preferences.cs" line-rate="1" branch-rate="1" complexity="7">
          <methods>
            <method name="set_cost" signature="(DAL.Entities.MyRange)" line-rate="1" branch-rate="1" complexity="1">
              <lines>
                <line number="9" hits="21" branch="False" />
              </lines>
            </method>
            <method name="set_bedroom_n" signature="(DAL.Entities.MyRange)" line-rate="1" branch-rate="1" complexity="1">
              <lines>
                <line number="10" hits="21" branch="False" />
              </lines>
            </method>
            <method name="set_furnitering_level" signature="(DAL.Entities.MyRange)" line-rate="1" branch-rate="1" complexity="1">
              <lines>
                <line number="11" hits="21" branch="False" />
              </lines>
            </method>
            <method name="set_proxim_to_center" signature="(DAL.Entities.MyRange)" line-rate="1" branch-rate="1" complexity="1">
              <lines>
                <line number="12" hits="21" branch="False" />
              </lines>
            </method>
            <method name="set_private_plot" signature="(DAL.Entities.MyRange)" line-rate="1" branch-rate="1" complexity="1">
              <lines>
                <line number="13" hits="21" branch="False" />
              </lines>
            </method>
            <method name=".ctor" signature="(System.Int32,System.Int32,System.Int32,System.Int32,System.Int32,System.Int32,System.Int32,System.Int32,System.Int32,System.Int32)" line-rate="1" branch-rate="1" complexity="1">
              <lines>
                <line number="14" hits="3" branch="False" />
                <line number="15" hits="3" branch="False" />
                <line number="16" hits="3" branch="False" />
                <line number="17" hits="3" branch="False" />
                <line number="18" hits="3" branch="False" />
                <line number="19" hits="3" branch="False" />
                <line number="20" hits="3" branch="False" />
                <line number="21" hits="3" branch="False" />
              </lines>
            </method>
            <method name=".ctor" signature="()" line-rate="1" branch-rate="1" complexity="1">
              <lines>
                <line number="22" hits="13" branch="False" />
                <line number="23" hits="13" branch="False" />
                <line number="24" hits="13" branch="False" />
                <line number="25" hits="13" branch="False" />
                <line number="26" hits="13" branch="False" />
                <line number="27" hits="13" branch="False" />
                <line number="28" hits="13" branch="False" />
                <line number="29" hits="13" branch="False" />
              </lines>
            </method>
          </methods>
          <lines>
            <line number="9" hits="21" branch="False" />
            <line number="10" hits="21" branch="False" />
            <line number="11" hits="21" branch="False" />
            <line number="12" hits="21" branch="False" />
            <line number="13" hits="21" branch="False" />
            <line number="14" hits="3" branch="False" />
            <line number="15" hits="3" branch="False" />
            <line number="16" hits="3" branch="False" />
            <line number="17" hits="3" branch="False" />
            <line number="18" hits="3" branch="False" />
            <line number="19" hits="3" branch="False" />
            <line number="20" hits="3" branch="False" />
            <line number="21" hits="3" branch="False" />
            <line number="22" hits="13" branch="False" />
            <line number="23" hits="13" branch="False" />
            <line number="24" hits="13" branch="False" />
            <line number="25" hits="13" branch="False" />
            <line number="26" hits="13" branch="False" />
            <line number="27" hits="13" branch="False" />
            <line number="28" hits="13" branch="False" />
            <line number="29" hits="13" branch="False" />
          </lines>
        </class>
      </classes>
    </package>
  </packages>
</coverage>